#
# There is insufficient memory for the Java Runtime Environment to continue.
# Native memory allocation (malloc) failed to allocate 1567856 bytes for Chunk::new
# Possible reasons:
#   The system is out of physical RAM or swap space
#   The process is running with CompressedOops enabled, and the Java Heap may be blocking the growth of the native heap
# Possible solutions:
#   Reduce memory load on the system
#   Increase physical memory or swap space
#   Check if swap backing store is full
#   Decrease Java heap size (-Xmx/-Xms)
#   Decrease number of Java threads
#   Decrease Java thread stack sizes (-Xss)
#   Set larger code cache with -XX:ReservedCodeCacheSize=
#   JVM is running with Unscaled Compressed Oops mode in which the Java heap is
#     placed in the first 4GB address space. The Java Heap base address is the
#     maximum limit for the native heap growth. Please use -XX:HeapBaseMinAddress
#     to set the Java Heap base and to place the Java Heap above 4GB virtual address.
# This output file may be truncated or incomplete.
#
#  Out of Memory Error (src/hotspot/share/memory/arena.cpp:197), pid=10020, tid=1704
#
# JRE version: OpenJDK Runtime Environment (11.0.15) (build 11.0.15+0-b2043.56-8887301)
# Java VM: OpenJDK 64-Bit Server VM (11.0.15+0-b2043.56-8887301, mixed mode, tiered, compressed oops, g1 gc, windows-amd64)
# No core dump will be written. Minidumps are not enabled by default on client versions of Windows
#

---------------  S U M M A R Y ------------

Command Line: --add-opens=java.base/java.util=ALL-UNNAMED --add-opens=java.base/java.lang=ALL-UNNAMED --add-opens=java.base/java.lang.invoke=ALL-UNNAMED --add-opens=java.base/java.util=ALL-UNNAMED --add-opens=java.prefs/java.util.prefs=ALL-UNNAMED --add-opens=java.prefs/java.util.prefs=ALL-UNNAMED --add-opens=java.base/java.nio.charset=ALL-UNNAMED --add-opens=java.base/java.net=ALL-UNNAMED --add-opens=java.base/java.util.concurrent.atomic=ALL-UNNAMED -Xmx2048m -Dfile.encoding=UTF-8 -Duser.country=GB -Duser.language=en -Duser.variant org.gradle.launcher.daemon.bootstrap.GradleDaemon 7.5

Host: Intel(R) Core(TM) i5-10300H CPU @ 2.50GHz, 8 cores, 7G,  Windows 11 , 64 bit Build 22000 (10.0.22000.1516)
Time: Sun Mar 26 10:04:26 2023 GMT Daylight Time elapsed time: 708.500632 seconds (0d 0h 11m 48s)

---------------  T H R E A D  ---------------

Current thread (0x000001cebbcc8800):  JavaThread "C2 CompilerThread0" daemon [_thread_in_native, id=1704, stack(0x0000008d31800000,0x0000008d31900000)]


Current CompileTask:
C2: 708501 18560       4       com.google.common.collect.LinkedListMultimap$DistinctKeyIterator::next (81 bytes)

Stack: [0x0000008d31800000,0x0000008d31900000]
Native frames: (J=compiled Java code, j=interpreted, Vv=VM code, C=native code)
V  [jvm.dll+0x64135a]
V  [jvm.dll+0x7d39f9]
V  [jvm.dll+0x7d51b9]
V  [jvm.dll+0x7d58a3]
V  [jvm.dll+0x2691c5]
V  [jvm.dll+0xc1a5c]
V  [jvm.dll+0xc200c]
V  [jvm.dll+0x377462]
V  [jvm.dll+0x342495]
V  [jvm.dll+0x34186a]
V  [jvm.dll+0x2214bd]
V  [jvm.dll+0x220498]
V  [jvm.dll+0x19e851]
V  [jvm.dll+0x230479]
V  [jvm.dll+0x22e5ef]
V  [jvm.dll+0x794de1]
V  [jvm.dll+0x78dc24]
V  [jvm.dll+0x6400f6]
C  [ucrtbase.dll+0x26c0c]
C  [KERNEL32.DLL+0x155a0]
C  [ntdll.dll+0x485b]


---------------  P R O C E S S  ---------------

Threads class SMR info:
_java_thread_list=0x000001cec0165ab0, length=134, elements={
0x000001cea0e86000, 0x000001cebb34e000, 0x000001cebb34f800, 0x000001cebbcc3800,
0x000001cebbcc4800, 0x000001cebbcc7800, 0x000001cebbcc8800, 0x000001cebbccd800,
0x000001cebbcd3000, 0x000001cebbe26000, 0x000001cebdf41000, 0x000001cebcdf5000,
0x000001cebded8000, 0x000001cebdf97000, 0x000001cebdf99800, 0x000001cebdf98000,
0x000001cebdf98800, 0x000001cebdf94800, 0x000001cebdf95800, 0x000001cebe45d000,
0x000001cebe45a000, 0x000001cebe45a800, 0x000001cebe458800, 0x000001cebe463000,
0x000001cebe45f800, 0x000001cec0adc000, 0x000001cec0add000, 0x000001cec0ad7000,
0x000001cec0ade800, 0x000001cec08b2000, 0x000001cec51ad800, 0x000001cec51a9800,
0x000001cec51a4800, 0x000001cec51aa000, 0x000001cec51a7800, 0x000001cec51a6000,
0x000001cec51a5000, 0x000001cec51a8800, 0x000001cec51ab000, 0x000001cec51ac000,
0x000001cec51ac800, 0x000001cec51a7000, 0x000001cec51b0800, 0x000001cec51b2800,
0x000001cec51b3000, 0x000001cec51b1800, 0x000001cec51b0000, 0x000001cec51ae000,
0x000001cec51af000, 0x000001cec08a4000, 0x000001cec08a5000, 0x000001cec08a5800,
0x000001cec08ab800, 0x000001cec08ac000, 0x000001cec08a9800, 0x000001cec08a6800,
0x000001cec08a9000, 0x000001cec08ad000, 0x000001cec08ae000, 0x000001cec08a8000,
0x000001cec08b0000, 0x000001cec08b2800, 0x000001cec08ae800, 0x000001cec08b1000,
0x000001cec08af800, 0x000001cec0ad5800, 0x000001cec0ad2000, 0x000001cec0ad6800,
0x000001cec0ad8000, 0x000001cec0ad3000, 0x000001cec0ad9000, 0x000001cec0ad9800,
0x000001cec0ad4000, 0x000001cec0ada800, 0x000001cec0ad4800, 0x000001cec0add800,
0x000001cec0adf800, 0x000001cec0ae0000, 0x000001cec0ae1000, 0x000001cec0adb000,
0x000001cebe45f000, 0x000001cebe459000, 0x000001cebe460800, 0x000001cebe466000,
0x000001cebe464800, 0x000001cebe462000, 0x000001cebe465800, 0x000001cebe467000,
0x000001cebe461800, 0x000001cebdf94000, 0x000001cebdf9a800, 0x000001cebdf96800,
0x000001cec7a49000, 0x000001cec7a4c000, 0x000001cec7a4d000, 0x000001cec7a48000,
0x000001cec7a4b800, 0x000001cec7a49800, 0x000001cec7a4a800, 0x000001cec7a47800,
0x000001cec7a51000, 0x000001cec7a53800, 0x000001cec7a52000, 0x000001cec7a4e000,
0x000001cec7a54800, 0x000001cec7a52800, 0x000001cec7a4e800, 0x000001cec7a55000,
0x000001cec7a50000, 0x000001cec7a4f800, 0x000001cec7a56000, 0x000001cec2c8a000,
0x000001cec2c87000, 0x000001cec2c88800, 0x000001cec2c86000, 0x000001cec2c8b000,
0x000001cec2c85800, 0x000001cec2c87800, 0x000001cec2c8f000, 0x000001cec2c8d800,
0x000001cec2c8e800, 0x000001cec2c89800, 0x000001cec2c8c000, 0x000001cec2c92800,
0x000001cec2c90000, 0x000001cec2c91800, 0x000001cec2c90800, 0x000001cec2c8c800,
0x000001cec2c93000, 0x000001cec2c94000, 0x000001cebfcbe800, 0x000001cebfcc0000,
0x000001cebfcbd800, 0x000001cebfcc1000
}

Java Threads: ( => current thread )
  0x000001cea0e86000 JavaThread "main" [_thread_blocked, id=13888, stack(0x0000008d30b00000,0x0000008d30c00000)]
  0x000001cebb34e000 JavaThread "Reference Handler" daemon [_thread_blocked, id=13072, stack(0x0000008d31200000,0x0000008d31300000)]
  0x000001cebb34f800 JavaThread "Finalizer" daemon [_thread_blocked, id=624, stack(0x0000008d31300000,0x0000008d31400000)]
  0x000001cebbcc3800 JavaThread "Signal Dispatcher" daemon [_thread_blocked, id=4312, stack(0x0000008d31500000,0x0000008d31600000)]
  0x000001cebbcc4800 JavaThread "Attach Listener" daemon [_thread_blocked, id=1176, stack(0x0000008d31600000,0x0000008d31700000)]
  0x000001cebbcc7800 JavaThread "Service Thread" daemon [_thread_blocked, id=3244, stack(0x0000008d31700000,0x0000008d31800000)]
=>0x000001cebbcc8800 JavaThread "C2 CompilerThread0" daemon [_thread_in_native, id=1704, stack(0x0000008d31800000,0x0000008d31900000)]
  0x000001cebbccd800 JavaThread "C1 CompilerThread0" daemon [_thread_blocked, id=5420, stack(0x0000008d31900000,0x0000008d31a00000)]
  0x000001cebbcd3000 JavaThread "Sweeper thread" daemon [_thread_blocked, id=11908, stack(0x0000008d31a00000,0x0000008d31b00000)]
  0x000001cebbe26000 JavaThread "Common-Cleaner" daemon [_thread_blocked, id=7244, stack(0x0000008d31b00000,0x0000008d31c00000)]
  0x000001cebdf41000 JavaThread "Daemon health stats" [_thread_blocked, id=11360, stack(0x0000008d32100000,0x0000008d32200000)]
  0x000001cebcdf5000 JavaThread "Incoming local TCP Connector on port 50558" [_thread_in_native, id=1856, stack(0x0000008d31f00000,0x0000008d32000000)]
  0x000001cebded8000 JavaThread "Daemon periodic checks" [_thread_blocked, id=2680, stack(0x0000008d32000000,0x0000008d32100000)]
  0x000001cebdf97000 JavaThread "Cache worker for journal cache (C:\Users\jacks\.gradle\caches\journal-1)" [_thread_blocked, id=3028, stack(0x0000008d32900000,0x0000008d32a00000)]
  0x000001cebdf99800 JavaThread "File lock request listener" [_thread_in_native, id=1356, stack(0x0000008d32a00000,0x0000008d32b00000)]
  0x000001cebdf98000 JavaThread "Cache worker for file hash cache (C:\Users\jacks\.gradle\caches\7.5\fileHashes)" [_thread_blocked, id=15860, stack(0x0000008d33000000,0x0000008d33100000)]
  0x000001cebdf98800 JavaThread "File watcher server" daemon [_thread_in_native, id=8472, stack(0x0000008d33300000,0x0000008d33400000)]
  0x000001cebdf94800 JavaThread "File watcher consumer" daemon [_thread_blocked, id=7164, stack(0x0000008d33400000,0x0000008d33500000)]
  0x000001cebdf95800 JavaThread "Cache worker for file content cache (C:\Users\jacks\.gradle\caches\7.5\fileContent)" [_thread_blocked, id=11740, stack(0x0000008d33600000,0x0000008d33700000)]
  0x000001cebe45d000 JavaThread "Cache worker for execution history cache (C:\Users\jacks\.gradle\caches\7.5\executionHistory)" [_thread_blocked, id=6724, stack(0x0000008d33a00000,0x0000008d33b00000)]
  0x000001cebe45a000 JavaThread "jar transforms" [_thread_blocked, id=17176, stack(0x0000008d33700000,0x0000008d33800000)]
  0x000001cebe45a800 JavaThread "jar transforms Thread 2" [_thread_blocked, id=5564, stack(0x0000008d33c00000,0x0000008d33d00000)]
  0x000001cebe458800 JavaThread "jar transforms Thread 3" [_thread_blocked, id=1680, stack(0x0000008d33e00000,0x0000008d33f00000)]
  0x000001cebe463000 JavaThread "jar transforms Thread 4" [_thread_blocked, id=5588, stack(0x0000008d33f00000,0x0000008d34000000)]
  0x000001cebe45f800 JavaThread "jar transforms Thread 5" [_thread_blocked, id=8660, stack(0x0000008d34100000,0x0000008d34200000)]
  0x000001cec0adc000 JavaThread "jar transforms Thread 6" [_thread_blocked, id=12012, stack(0x0000008d39300000,0x0000008d39400000)]
  0x000001cec0add000 JavaThread "jar transforms Thread 7" [_thread_blocked, id=10516, stack(0x0000008d39400000,0x0000008d39500000)]
  0x000001cec0ad7000 JavaThread "jar transforms Thread 8" [_thread_blocked, id=7448, stack(0x0000008d39500000,0x0000008d39600000)]
  0x000001cec0ade800 JavaThread "Memory manager" [_thread_blocked, id=17244, stack(0x0000008d39600000,0x0000008d39700000)]
  0x000001cec08b2000 JavaThread "Cache worker for Java compile cache (C:\Users\jacks\.gradle\caches\7.5\javaCompile)" [_thread_blocked, id=7132, stack(0x0000008d3ad00000,0x0000008d3ae00000)]
  0x000001cec51ad800 JavaThread "ForkJoinPool.commonPool-worker-13" daemon [_thread_blocked, id=16268, stack(0x0000008d3be00000,0x0000008d3bf00000)]
  0x000001cec51a9800 JavaThread "Daemon Thread 2" [_thread_blocked, id=13908, stack(0x0000008d30900000,0x0000008d30a00000)]
  0x000001cec51a4800 JavaThread "Handler for socket connection from /127.0.0.1:50558 to /127.0.0.1:50787" [_thread_in_native, id=4488, stack(0x0000008d30a00000,0x0000008d30b00000)]
  0x000001cec51aa000 JavaThread "Cancel handler" [_thread_blocked, id=15964, stack(0x0000008d31400000,0x0000008d31500000)]
  0x000001cec51a7800 JavaThread "Daemon worker Thread 2" [_thread_blocked, id=12644, stack(0x0000008d32200000,0x0000008d32300000)]
  0x000001cec51a6000 JavaThread "Asynchronous log dispatcher for DefaultDaemonConnection: socket connection from /127.0.0.1:50558 to /127.0.0.1:50787" [_thread_blocked, id=10832, stack(0x0000008d32300000,0x0000008d32400000)]
  0x000001cec51a5000 JavaThread "Stdin handler" [_thread_blocked, id=7900, stack(0x0000008d32400000,0x0000008d32500000)]
  0x000001cec51a8800 JavaThread "Daemon client event forwarder" [_thread_blocked, id=3928, stack(0x0000008d32500000,0x0000008d32600000)]
  0x000001cec51ab000 JavaThread "Cache worker for checksums cache (C:\Users\jacks\AndroidStudioProjects\FYP_LearningWithU_FYP\.gradle\7.5\checksums)" [_thread_blocked, id=2892, stack(0x0000008d32600000,0x0000008d32700000)]
  0x000001cec51ac000 JavaThread "Cache worker for cache directory md-rule (C:\Users\jacks\.gradle\caches\7.5\md-rule)" [_thread_blocked, id=3744, stack(0x0000008d32700000,0x0000008d32800000)]
  0x000001cec51ac800 JavaThread "Cache worker for file hash cache (C:\Users\jacks\AndroidStudioProjects\FYP_LearningWithU_FYP\.gradle\7.5\fileHashes)" [_thread_blocked, id=9556, stack(0x0000008d33200000,0x0000008d33300000)]
  0x000001cec51a7000 JavaThread "Cache worker for cache directory md-supplier (C:\Users\jacks\.gradle\caches\7.5\md-supplier)" [_thread_blocked, id=6076, stack(0x0000008d33500000,0x0000008d33600000)]
  0x000001cec51b0800 JavaThread "Cache worker for dependencies-accessors (C:\Users\jacks\AndroidStudioProjects\FYP_LearningWithU_FYP\.gradle\7.5\dependencies-accessors)" [_thread_blocked, id=14192, stack(0x0000008d33800000,0x0000008d33900000)]
  0x000001cec51b2800 JavaThread "Cache worker for Build Output Cleanup Cache (C:\Users\jacks\AndroidStudioProjects\FYP_LearningWithU_FYP\.gradle\buildOutputCleanup)" [_thread_blocked, id=6772, stack(0x0000008d33900000,0x0000008d33a00000)]
  0x000001cec51b3000 JavaThread "Unconstrained build operations" [_thread_blocked, id=2212, stack(0x0000008d33b00000,0x0000008d33c00000)]
  0x000001cec51b1800 JavaThread "Unconstrained build operations Thread 2" [_thread_blocked, id=13308, stack(0x0000008d33d00000,0x0000008d33e00000)]
  0x000001cec51b0000 JavaThread "Unconstrained build operations Thread 3" [_thread_blocked, id=16748, stack(0x0000008d34000000,0x0000008d34100000)]
  0x000001cec51ae000 JavaThread "Unconstrained build operations Thread 4" [_thread_blocked, id=12868, stack(0x0000008d34200000,0x0000008d34300000)]
  0x000001cec51af000 JavaThread "Unconstrained build operations Thread 5" [_thread_blocked, id=16316, stack(0x0000008d34300000,0x0000008d34400000)]
  0x000001cec08a4000 JavaThread "Unconstrained build operations Thread 6" [_thread_blocked, id=12416, stack(0x0000008d34400000,0x0000008d34500000)]
  0x000001cec08a5000 JavaThread "Unconstrained build operations Thread 7" [_thread_blocked, id=5044, stack(0x0000008d34500000,0x0000008d34600000)]
  0x000001cec08a5800 JavaThread "Unconstrained build operations Thread 8" [_thread_blocked, id=1468, stack(0x0000008d34600000,0x0000008d34700000)]
  0x000001cec08ab800 JavaThread "Unconstrained build operations Thread 9" [_thread_blocked, id=8000, stack(0x0000008d34700000,0x0000008d34800000)]
  0x000001cec08ac000 JavaThread "Unconstrained build operations Thread 10" [_thread_blocked, id=15640, stack(0x0000008d34800000,0x0000008d34900000)]
  0x000001cec08a9800 JavaThread "Unconstrained build operations Thread 11" [_thread_blocked, id=16028, stack(0x0000008d34900000,0x0000008d34a00000)]
  0x000001cec08a6800 JavaThread "Unconstrained build operations Thread 12" [_thread_blocked, id=14320, stack(0x0000008d34a00000,0x0000008d34b00000)]
  0x000001cec08a9000 JavaThread "Unconstrained build operations Thread 13" [_thread_blocked, id=3968, stack(0x0000008d34b00000,0x0000008d34c00000)]
  0x000001cec08ad000 JavaThread "Unconstrained build operations Thread 14" [_thread_blocked, id=4352, stack(0x0000008d34c00000,0x0000008d34d00000)]
  0x000001cec08ae000 JavaThread "Unconstrained build operations Thread 15" [_thread_blocked, id=2276, stack(0x0000008d34d00000,0x0000008d34e00000)]
  0x000001cec08a8000 JavaThread "Unconstrained build operations Thread 16" [_thread_blocked, id=3276, stack(0x0000008d34e00000,0x0000008d34f00000)]
  0x000001cec08b0000 JavaThread "Unconstrained build operations Thread 17" [_thread_blocked, id=7592, stack(0x0000008d34f00000,0x0000008d35000000)]
  0x000001cec08b2800 JavaThread "Unconstrained build operations Thread 18" [_thread_blocked, id=1316, stack(0x0000008d35000000,0x0000008d35100000)]
  0x000001cec08ae800 JavaThread "Unconstrained build operations Thread 19" [_thread_blocked, id=16400, stack(0x0000008d35100000,0x0000008d35200000)]
  0x000001cec08b1000 JavaThread "Unconstrained build operations Thread 20" [_thread_blocked, id=17364, stack(0x0000008d35200000,0x0000008d35300000)]
  0x000001cec08af800 JavaThread "Unconstrained build operations Thread 21" [_thread_blocked, id=7128, stack(0x0000008d35300000,0x0000008d35400000)]
  0x000001cec0ad5800 JavaThread "Unconstrained build operations Thread 22" [_thread_blocked, id=5372, stack(0x0000008d35400000,0x0000008d35500000)]
  0x000001cec0ad2000 JavaThread "Unconstrained build operations Thread 23" [_thread_blocked, id=3096, stack(0x0000008d35500000,0x0000008d35600000)]
  0x000001cec0ad6800 JavaThread "Unconstrained build operations Thread 24" [_thread_blocked, id=6756, stack(0x0000008d35600000,0x0000008d35700000)]
  0x000001cec0ad8000 JavaThread "Unconstrained build operations Thread 25" [_thread_blocked, id=9892, stack(0x0000008d35700000,0x0000008d35800000)]
  0x000001cec0ad3000 JavaThread "Unconstrained build operations Thread 26" [_thread_blocked, id=13288, stack(0x0000008d35800000,0x0000008d35900000)]
  0x000001cec0ad9000 JavaThread "Unconstrained build operations Thread 27" [_thread_blocked, id=1232, stack(0x0000008d35900000,0x0000008d35a00000)]
  0x000001cec0ad9800 JavaThread "Unconstrained build operations Thread 28" [_thread_blocked, id=6808, stack(0x0000008d35a00000,0x0000008d35b00000)]
  0x000001cec0ad4000 JavaThread "Unconstrained build operations Thread 29" [_thread_blocked, id=9324, stack(0x0000008d35b00000,0x0000008d35c00000)]
  0x000001cec0ada800 JavaThread "Unconstrained build operations Thread 30" [_thread_blocked, id=4280, stack(0x0000008d35c00000,0x0000008d35d00000)]
  0x000001cec0ad4800 JavaThread "Unconstrained build operations Thread 31" [_thread_blocked, id=12496, stack(0x0000008d35d00000,0x0000008d35e00000)]
  0x000001cec0add800 JavaThread "Unconstrained build operations Thread 32" [_thread_blocked, id=5464, stack(0x0000008d35e00000,0x0000008d35f00000)]
  0x000001cec0adf800 JavaThread "Unconstrained build operations Thread 33" [_thread_blocked, id=10336, stack(0x0000008d35f00000,0x0000008d36000000)]
  0x000001cec0ae0000 JavaThread "Unconstrained build operations Thread 34" [_thread_blocked, id=13412, stack(0x0000008d36000000,0x0000008d36100000)]
  0x000001cec0ae1000 JavaThread "Unconstrained build operations Thread 35" [_thread_blocked, id=12220, stack(0x0000008d36100000,0x0000008d36200000)]
  0x000001cec0adb000 JavaThread "Unconstrained build operations Thread 36" [_thread_blocked, id=10268, stack(0x0000008d36200000,0x0000008d36300000)]
  0x000001cebe45f000 JavaThread "Unconstrained build operations Thread 37" [_thread_blocked, id=8148, stack(0x0000008d36300000,0x0000008d36400000)]
  0x000001cebe459000 JavaThread "Unconstrained build operations Thread 38" [_thread_blocked, id=15096, stack(0x0000008d36400000,0x0000008d36500000)]
  0x000001cebe460800 JavaThread "Unconstrained build operations Thread 39" [_thread_blocked, id=12516, stack(0x0000008d36500000,0x0000008d36600000)]
  0x000001cebe466000 JavaThread "Unconstrained build operations Thread 40" [_thread_blocked, id=6428, stack(0x0000008d36600000,0x0000008d36700000)]
  0x000001cebe464800 JavaThread "Unconstrained build operations Thread 41" [_thread_blocked, id=9572, stack(0x0000008d36700000,0x0000008d36800000)]
  0x000001cebe462000 JavaThread "Unconstrained build operations Thread 42" [_thread_blocked, id=12532, stack(0x0000008d36800000,0x0000008d36900000)]
  0x000001cebe465800 JavaThread "Unconstrained build operations Thread 43" [_thread_blocked, id=1620, stack(0x0000008d36900000,0x0000008d36a00000)]
  0x000001cebe467000 JavaThread "Unconstrained build operations Thread 44" [_thread_blocked, id=7016, stack(0x0000008d36a00000,0x0000008d36b00000)]
  0x000001cebe461800 JavaThread "Unconstrained build operations Thread 45" [_thread_blocked, id=16828, stack(0x0000008d36b00000,0x0000008d36c00000)]
  0x000001cebdf94000 JavaThread "Unconstrained build operations Thread 46" [_thread_blocked, id=1592, stack(0x0000008d36c00000,0x0000008d36d00000)]
  0x000001cebdf9a800 JavaThread "Unconstrained build operations Thread 47" [_thread_blocked, id=16444, stack(0x0000008d36d00000,0x0000008d36e00000)]
  0x000001cebdf96800 JavaThread "Unconstrained build operations Thread 48" [_thread_blocked, id=16552, stack(0x0000008d36e00000,0x0000008d36f00000)]
  0x000001cec7a49000 JavaThread "Unconstrained build operations Thread 49" [_thread_blocked, id=2360, stack(0x0000008d36f00000,0x0000008d37000000)]
  0x000001cec7a4c000 JavaThread "Unconstrained build operations Thread 50" [_thread_blocked, id=7144, stack(0x0000008d37000000,0x0000008d37100000)]
  0x000001cec7a4d000 JavaThread "Unconstrained build operations Thread 51" [_thread_blocked, id=10092, stack(0x0000008d37100000,0x0000008d37200000)]
  0x000001cec7a48000 JavaThread "Unconstrained build operations Thread 52" [_thread_blocked, id=7772, stack(0x0000008d37200000,0x0000008d37300000)]
  0x000001cec7a4b800 JavaThread "Unconstrained build operations Thread 53" [_thread_blocked, id=14468, stack(0x0000008d37300000,0x0000008d37400000)]
  0x000001cec7a49800 JavaThread "Unconstrained build operations Thread 54" [_thread_blocked, id=3268, stack(0x0000008d37400000,0x0000008d37500000)]
  0x000001cec7a4a800 JavaThread "Unconstrained build operations Thread 55" [_thread_blocked, id=12052, stack(0x0000008d37500000,0x0000008d37600000)]
  0x000001cec7a47800 JavaThread "Unconstrained build operations Thread 56" [_thread_blocked, id=3956, stack(0x0000008d37600000,0x0000008d37700000)]
  0x000001cec7a51000 JavaThread "Unconstrained build operations Thread 57" [_thread_blocked, id=7392, stack(0x0000008d37700000,0x0000008d37800000)]
  0x000001cec7a53800 JavaThread "Unconstrained build operations Thread 58" [_thread_blocked, id=10392, stack(0x0000008d37800000,0x0000008d37900000)]
  0x000001cec7a52000 JavaThread "Unconstrained build operations Thread 59" [_thread_blocked, id=15380, stack(0x0000008d37900000,0x0000008d37a00000)]
  0x000001cec7a4e000 JavaThread "Unconstrained build operations Thread 60" [_thread_blocked, id=9020, stack(0x0000008d37a00000,0x0000008d37b00000)]
  0x000001cec7a54800 JavaThread "Unconstrained build operations Thread 61" [_thread_blocked, id=13760, stack(0x0000008d37b00000,0x0000008d37c00000)]
  0x000001cec7a52800 JavaThread "Unconstrained build operations Thread 62" [_thread_blocked, id=15760, stack(0x0000008d37c00000,0x0000008d37d00000)]
  0x000001cec7a4e800 JavaThread "Unconstrained build operations Thread 63" [_thread_blocked, id=3628, stack(0x0000008d37d00000,0x0000008d37e00000)]
  0x000001cec7a55000 JavaThread "Unconstrained build operations Thread 64" [_thread_blocked, id=12264, stack(0x0000008d37e00000,0x0000008d37f00000)]
  0x000001cec7a50000 JavaThread "Unconstrained build operations Thread 65" [_thread_blocked, id=17120, stack(0x0000008d37f00000,0x0000008d38000000)]
  0x000001cec7a4f800 JavaThread "Unconstrained build operations Thread 66" [_thread_blocked, id=1676, stack(0x0000008d38000000,0x0000008d38100000)]
  0x000001cec7a56000 JavaThread "Unconstrained build operations Thread 67" [_thread_blocked, id=9912, stack(0x0000008d38100000,0x0000008d38200000)]
  0x000001cec2c8a000 JavaThread "Unconstrained build operations Thread 68" [_thread_blocked, id=12456, stack(0x0000008d38200000,0x0000008d38300000)]
  0x000001cec2c87000 JavaThread "Unconstrained build operations Thread 69" [_thread_blocked, id=12272, stack(0x0000008d38300000,0x0000008d38400000)]
  0x000001cec2c88800 JavaThread "Unconstrained build operations Thread 70" [_thread_blocked, id=17224, stack(0x0000008d38400000,0x0000008d38500000)]
  0x000001cec2c86000 JavaThread "Unconstrained build operations Thread 71" [_thread_blocked, id=11500, stack(0x0000008d38500000,0x0000008d38600000)]
  0x000001cec2c8b000 JavaThread "Unconstrained build operations Thread 72" [_thread_blocked, id=4972, stack(0x0000008d38600000,0x0000008d38700000)]
  0x000001cec2c85800 JavaThread "Unconstrained build operations Thread 73" [_thread_blocked, id=8856, stack(0x0000008d38700000,0x0000008d38800000)]
  0x000001cec2c87800 JavaThread "Unconstrained build operations Thread 74" [_thread_blocked, id=788, stack(0x0000008d38800000,0x0000008d38900000)]
  0x000001cec2c8f000 JavaThread "Unconstrained build operations Thread 75" [_thread_blocked, id=17208, stack(0x0000008d38900000,0x0000008d38a00000)]
  0x000001cec2c8d800 JavaThread "Unconstrained build operations Thread 76" [_thread_blocked, id=16292, stack(0x0000008d38a00000,0x0000008d38b00000)]
  0x000001cec2c8e800 JavaThread "Unconstrained build operations Thread 77" [_thread_blocked, id=16460, stack(0x0000008d38b00000,0x0000008d38c00000)]
  0x000001cec2c89800 JavaThread "Unconstrained build operations Thread 78" [_thread_blocked, id=8648, stack(0x0000008d38c00000,0x0000008d38d00000)]
  0x000001cec2c8c000 JavaThread "Unconstrained build operations Thread 79" [_thread_blocked, id=12952, stack(0x0000008d38d00000,0x0000008d38e00000)]
  0x000001cec2c92800 JavaThread "Unconstrained build operations Thread 80" [_thread_blocked, id=16848, stack(0x0000008d38e00000,0x0000008d38f00000)]
  0x000001cec2c90000 JavaThread "build event listener" [_thread_blocked, id=5916, stack(0x0000008d32800000,0x0000008d32900000)]
  0x000001cec2c91800 JavaThread "included builds" [_thread_in_Java, id=12268, stack(0x0000008d38f00000,0x0000008d39000000)]
  0x000001cec2c90800 JavaThread "Execution worker" [_thread_blocked, id=6884, stack(0x0000008d39000000,0x0000008d39100000)]
  0x000001cec2c8c800 JavaThread "Execution worker Thread 2" [_thread_blocked, id=10256, stack(0x0000008d39100000,0x0000008d39200000)]
  0x000001cec2c93000 JavaThread "Execution worker Thread 3" [_thread_blocked, id=8300, stack(0x0000008d39200000,0x0000008d39300000)]
  0x000001cec2c94000 JavaThread "Execution worker Thread 4" [_thread_blocked, id=15424, stack(0x0000008d39700000,0x0000008d39800000)]
  0x000001cebfcbe800 JavaThread "Execution worker Thread 5" [_thread_blocked, id=13324, stack(0x0000008d39800000,0x0000008d39900000)]
  0x000001cebfcc0000 JavaThread "Execution worker Thread 6" [_thread_blocked, id=8976, stack(0x0000008d39900000,0x0000008d39a00000)]
  0x000001cebfcbd800 JavaThread "Execution worker Thread 7" [_thread_blocked, id=11140, stack(0x0000008d39a00000,0x0000008d39b00000)]
  0x000001cebfcc1000 JavaThread "Cache worker for execution history cache (C:\Users\jacks\AndroidStudioProjects\FYP_LearningWithU_FYP\.gradle\7.5\executionHistory)" [_thread_blocked, id=8200, stack(0x0000008d39b00000,0x0000008d39c00000)]

Other Threads:
  0x000001cebb348000 VMThread "VM Thread" [stack: 0x0000008d31100000,0x0000008d31200000] [id=8852]
  0x000001cebbe81000 WatcherThread [stack: 0x0000008d31c00000,0x0000008d31d00000] [id=3412]
  0x000001cea0ea0000 GCTaskThread "GC Thread#0" [stack: 0x0000008d30c00000,0x0000008d30d00000] [id=10276]
  0x000001cebc16d000 GCTaskThread "GC Thread#1" [stack: 0x0000008d31d00000,0x0000008d31e00000] [id=1060]
  0x000001cebc921000 GCTaskThread "GC Thread#2" [stack: 0x0000008d31e00000,0x0000008d31f00000] [id=15480]
  0x000001cebe637800 GCTaskThread "GC Thread#3" [stack: 0x0000008d32b00000,0x0000008d32c00000] [id=1584]
  0x000001cebeaf4800 GCTaskThread "GC Thread#4" [stack: 0x0000008d32c00000,0x0000008d32d00000] [id=17076]
  0x000001cebe618800 GCTaskThread "GC Thread#5" [stack: 0x0000008d32d00000,0x0000008d32e00000] [id=6748]
  0x000001cebde6f000 GCTaskThread "GC Thread#6" [stack: 0x0000008d32e00000,0x0000008d32f00000] [id=12140]
  0x000001cebd6e0800 GCTaskThread "GC Thread#7" [stack: 0x0000008d32f00000,0x0000008d33000000] [id=1860]
  0x000001cea0ed0000 ConcurrentGCThread "G1 Main Marker" [stack: 0x0000008d30d00000,0x0000008d30e00000] [id=10192]
  0x000001cea0ed2000 ConcurrentGCThread "G1 Conc#0" [stack: 0x0000008d30e00000,0x0000008d30f00000] [id=17376]
  0x000001cebf76e800 ConcurrentGCThread "G1 Conc#1" [stack: 0x0000008d33100000,0x0000008d33200000] [id=11768]
  0x000001cea0f5e000 ConcurrentGCThread "G1 Refine#0" [stack: 0x0000008d30f00000,0x0000008d31000000] [id=15508]
  0x000001cebb196800 ConcurrentGCThread "G1 Young RemSet Sampling" [stack: 0x0000008d31000000,0x0000008d31100000] [id=1264]

Threads with active compile tasks:
C2 CompilerThread0   708612 18560       4       com.google.common.collect.LinkedListMultimap$DistinctKeyIterator::next (81 bytes)

VM state:not at safepoint (normal execution)

VM Mutex/Monitor currently owned by a thread: None

Heap address: 0x0000000080000000, size: 2048 MB, Compressed Oops mode: 32-bit
Narrow klass base: 0x0000000000000000, Narrow klass shift: 3
Compressed class space size: 1073741824 Address: 0x0000000100000000

Heap:
 garbage-first heap   total 225280K, used 151991K [0x0000000080000000, 0x0000000100000000)
  region size 1024K, 45 young (46080K), 6 survivors (6144K)
 Metaspace       used 121805K, capacity 125942K, committed 126288K, reserved 1159168K
  class space    used 15871K, capacity 17504K, committed 17612K, reserved 1048576K
Heap Regions: E=young(eden), S=young(survivor), O=old, HS=humongous(starts), HC=humongous(continues), CS=collection set, F=free, A=archive, TAMS=top-at-mark-start (previous, next)
|   0|0x0000000080000000, 0x0000000080100000, 0x0000000080100000|100%| O|  |TAMS 0x0000000080100000, 0x0000000080000000| Untracked 
|   1|0x0000000080100000, 0x0000000080200000, 0x0000000080200000|100%| O|  |TAMS 0x0000000080200000, 0x0000000080100000| Untracked 
|   2|0x0000000080200000, 0x0000000080300000, 0x0000000080300000|100%| O|  |TAMS 0x0000000080300000, 0x0000000080200000| Untracked 
|   3|0x0000000080300000, 0x0000000080400000, 0x0000000080400000|100%|HS|  |TAMS 0x0000000080400000, 0x0000000080300000| Complete 
|   4|0x0000000080400000, 0x0000000080500000, 0x0000000080500000|100%|HC|  |TAMS 0x0000000080500000, 0x0000000080400000| Complete 
|   5|0x0000000080500000, 0x0000000080600000, 0x0000000080600000|100%|HC|  |TAMS 0x0000000080600000, 0x0000000080500000| Complete 
|   6|0x0000000080600000, 0x0000000080700000, 0x0000000080700000|100%| O|  |TAMS 0x0000000080700000, 0x0000000080600000| Untracked 
|   7|0x0000000080700000, 0x0000000080800000, 0x0000000080800000|100%| O|  |TAMS 0x0000000080800000, 0x0000000080700000| Untracked 
|   8|0x0000000080800000, 0x0000000080900000, 0x0000000080900000|100%| O|  |TAMS 0x0000000080900000, 0x0000000080800000| Untracked 
|   9|0x0000000080900000, 0x0000000080a00000, 0x0000000080a00000|100%| O|  |TAMS 0x0000000080a00000, 0x0000000080900000| Untracked 
|  10|0x0000000080a00000, 0x0000000080b00000, 0x0000000080b00000|100%| O|  |TAMS 0x0000000080b00000, 0x0000000080a00000| Untracked 
|  11|0x0000000080b00000, 0x0000000080c00000, 0x0000000080c00000|100%| O|  |TAMS 0x0000000080c00000, 0x0000000080b00000| Untracked 
|  12|0x0000000080c00000, 0x0000000080d00000, 0x0000000080d00000|100%| O|  |TAMS 0x0000000080d00000, 0x0000000080c00000| Untracked 
|  13|0x0000000080d00000, 0x0000000080e00000, 0x0000000080e00000|100%| O|  |TAMS 0x0000000080e00000, 0x0000000080d00000| Untracked 
|  14|0x0000000080e00000, 0x0000000080f00000, 0x0000000080f00000|100%| O|  |TAMS 0x0000000080f00000, 0x0000000080e00000| Untracked 
|  15|0x0000000080f00000, 0x0000000081000000, 0x0000000081000000|100%| O|  |TAMS 0x0000000081000000, 0x0000000080f00000| Untracked 
|  16|0x0000000081000000, 0x0000000081100000, 0x0000000081100000|100%| O|  |TAMS 0x0000000081100000, 0x0000000081000000| Untracked 
|  17|0x0000000081100000, 0x0000000081200000, 0x0000000081200000|100%| O|  |TAMS 0x0000000081200000, 0x0000000081100000| Untracked 
|  18|0x0000000081200000, 0x0000000081300000, 0x0000000081300000|100%| O|  |TAMS 0x0000000081300000, 0x0000000081200000| Untracked 
|  19|0x0000000081300000, 0x0000000081400000, 0x0000000081400000|100%| O|  |TAMS 0x0000000081400000, 0x0000000081300000| Untracked 
|  20|0x0000000081400000, 0x0000000081500000, 0x0000000081500000|100%| O|  |TAMS 0x0000000081500000, 0x0000000081400000| Untracked 
|  21|0x0000000081500000, 0x0000000081600000, 0x0000000081600000|100%| O|  |TAMS 0x0000000081600000, 0x0000000081500000| Untracked 
|  22|0x0000000081600000, 0x0000000081700000, 0x0000000081700000|100%| O|  |TAMS 0x0000000081700000, 0x0000000081600000| Untracked 
|  23|0x0000000081700000, 0x0000000081800000, 0x0000000081800000|100%| O|  |TAMS 0x0000000081800000, 0x0000000081700000| Untracked 
|  24|0x0000000081800000, 0x0000000081900000, 0x0000000081900000|100%| O|  |TAMS 0x0000000081900000, 0x0000000081800000| Untracked 
|  25|0x0000000081900000, 0x0000000081a00000, 0x0000000081a00000|100%| O|  |TAMS 0x0000000081a00000, 0x0000000081900000| Untracked 
|  26|0x0000000081a00000, 0x0000000081b00000, 0x0000000081b00000|100%| O|  |TAMS 0x0000000081b00000, 0x0000000081a00000| Untracked 
|  27|0x0000000081b00000, 0x0000000081c00000, 0x0000000081c00000|100%| O|  |TAMS 0x0000000081c00000, 0x0000000081b00000| Untracked 
|  28|0x0000000081c00000, 0x0000000081d00000, 0x0000000081d00000|100%| O|  |TAMS 0x0000000081d00000, 0x0000000081c00000| Untracked 
|  29|0x0000000081d00000, 0x0000000081e00000, 0x0000000081e00000|100%| O|  |TAMS 0x0000000081e00000, 0x0000000081d00000| Untracked 
|  30|0x0000000081e00000, 0x0000000081f00000, 0x0000000081f00000|100%|HS|  |TAMS 0x0000000081f00000, 0x0000000081e00000| Complete 
|  31|0x0000000081f00000, 0x0000000082000000, 0x0000000082000000|100%|HS|  |TAMS 0x0000000082000000, 0x0000000081f00000| Complete 
|  32|0x0000000082000000, 0x0000000082100000, 0x0000000082100000|100%| O|  |TAMS 0x0000000082100000, 0x0000000082000000| Untracked 
|  33|0x0000000082100000, 0x0000000082200000, 0x0000000082200000|100%| O|  |TAMS 0x0000000082200000, 0x0000000082100000| Untracked 
|  34|0x0000000082200000, 0x0000000082300000, 0x0000000082300000|100%| O|  |TAMS 0x0000000082300000, 0x0000000082200000| Untracked 
|  35|0x0000000082300000, 0x0000000082400000, 0x0000000082400000|100%| O|  |TAMS 0x0000000082400000, 0x0000000082300000| Untracked 
|  36|0x0000000082400000, 0x0000000082500000, 0x0000000082500000|100%| O|  |TAMS 0x0000000082500000, 0x0000000082400000| Untracked 
|  37|0x0000000082500000, 0x0000000082600000, 0x0000000082600000|100%| O|  |TAMS 0x0000000082600000, 0x0000000082500000| Untracked 
|  38|0x0000000082600000, 0x0000000082700000, 0x0000000082700000|100%| O|  |TAMS 0x0000000082700000, 0x0000000082600000| Untracked 
|  39|0x0000000082700000, 0x0000000082800000, 0x0000000082800000|100%| O|  |TAMS 0x0000000082800000, 0x0000000082700000| Untracked 
|  40|0x0000000082800000, 0x0000000082900000, 0x0000000082900000|100%| O|  |TAMS 0x0000000082900000, 0x0000000082800000| Untracked 
|  41|0x0000000082900000, 0x0000000082a00000, 0x0000000082a00000|100%| O|  |TAMS 0x0000000082a00000, 0x0000000082900000| Untracked 
|  42|0x0000000082a00000, 0x0000000082b00000, 0x0000000082b00000|100%| O|  |TAMS 0x0000000082b00000, 0x0000000082a00000| Untracked 
|  43|0x0000000082b00000, 0x0000000082c00000, 0x0000000082c00000|100%| O|  |TAMS 0x0000000082c00000, 0x0000000082b00000| Untracked 
|  44|0x0000000082c00000, 0x0000000082d00000, 0x0000000082d00000|100%| O|  |TAMS 0x0000000082d00000, 0x0000000082c00000| Untracked 
|  45|0x0000000082d00000, 0x0000000082e00000, 0x0000000082e00000|100%| O|  |TAMS 0x0000000082e00000, 0x0000000082d00000| Untracked 
|  46|0x0000000082e00000, 0x0000000082f00000, 0x0000000082f00000|100%| O|  |TAMS 0x0000000082f00000, 0x0000000082e00000| Untracked 
|  47|0x0000000082f00000, 0x0000000083000000, 0x0000000083000000|100%| O|  |TAMS 0x0000000083000000, 0x0000000082f00000| Untracked 
|  48|0x0000000083000000, 0x0000000083100000, 0x0000000083100000|100%| O|  |TAMS 0x0000000083100000, 0x0000000083000000| Untracked 
|  49|0x0000000083100000, 0x0000000083200000, 0x0000000083200000|100%| O|  |TAMS 0x0000000083200000, 0x0000000083100000| Untracked 
|  50|0x0000000083200000, 0x0000000083300000, 0x0000000083300000|100%| O|  |TAMS 0x0000000083300000, 0x0000000083200000| Untracked 
|  51|0x0000000083300000, 0x0000000083400000, 0x0000000083400000|100%| O|  |TAMS 0x0000000083400000, 0x0000000083300000| Untracked 
|  52|0x0000000083400000, 0x0000000083500000, 0x0000000083500000|100%| O|  |TAMS 0x0000000083500000, 0x0000000083400000| Untracked 
|  53|0x0000000083500000, 0x0000000083600000, 0x0000000083600000|100%| O|  |TAMS 0x0000000083600000, 0x0000000083500000| Untracked 
|  54|0x0000000083600000, 0x0000000083700000, 0x0000000083700000|100%| O|  |TAMS 0x0000000083700000, 0x0000000083600000| Untracked 
|  55|0x0000000083700000, 0x0000000083800000, 0x0000000083800000|100%| O|  |TAMS 0x0000000083800000, 0x0000000083700000| Untracked 
|  56|0x0000000083800000, 0x0000000083900000, 0x0000000083900000|100%| O|  |TAMS 0x0000000083900000, 0x0000000083800000| Untracked 
|  57|0x0000000083900000, 0x0000000083a00000, 0x0000000083a00000|100%| O|  |TAMS 0x0000000083a00000, 0x0000000083900000| Untracked 
|  58|0x0000000083a00000, 0x0000000083b00000, 0x0000000083b00000|100%| O|  |TAMS 0x0000000083b00000, 0x0000000083a00000| Untracked 
|  59|0x0000000083b00000, 0x0000000083c00000, 0x0000000083c00000|100%| O|  |TAMS 0x0000000083c00000, 0x0000000083b00000| Untracked 
|  60|0x0000000083c00000, 0x0000000083d00000, 0x0000000083d00000|100%| O|  |TAMS 0x0000000083d00000, 0x0000000083c00000| Untracked 
|  61|0x0000000083d00000, 0x0000000083e00000, 0x0000000083e00000|100%| O|  |TAMS 0x0000000083e00000, 0x0000000083d00000| Untracked 
|  62|0x0000000083e00000, 0x0000000083f00000, 0x0000000083f00000|100%| O|  |TAMS 0x0000000083f00000, 0x0000000083e00000| Untracked 
|  63|0x0000000083f00000, 0x0000000084000000, 0x0000000084000000|100%| O|  |TAMS 0x0000000084000000, 0x0000000083f00000| Untracked 
|  64|0x0000000084000000, 0x0000000084100000, 0x0000000084100000|100%| O|  |TAMS 0x0000000084100000, 0x0000000084000000| Untracked 
|  65|0x0000000084100000, 0x0000000084200000, 0x0000000084200000|100%| O|  |TAMS 0x0000000084200000, 0x0000000084100000| Untracked 
|  66|0x0000000084200000, 0x0000000084300000, 0x0000000084300000|100%| O|  |TAMS 0x0000000084300000, 0x0000000084200000| Untracked 
|  67|0x0000000084300000, 0x0000000084400000, 0x0000000084400000|100%| O|  |TAMS 0x0000000084400000, 0x0000000084300000| Untracked 
|  68|0x0000000084400000, 0x0000000084500000, 0x0000000084500000|100%| O|  |TAMS 0x0000000084500000, 0x0000000084400000| Untracked 
|  69|0x0000000084500000, 0x0000000084600000, 0x0000000084600000|100%| O|  |TAMS 0x0000000084600000, 0x0000000084500000| Untracked 
|  70|0x0000000084600000, 0x0000000084700000, 0x0000000084700000|100%| O|  |TAMS 0x0000000084700000, 0x0000000084600000| Untracked 
|  71|0x0000000084700000, 0x0000000084800000, 0x0000000084800000|100%| O|  |TAMS 0x0000000084800000, 0x0000000084700000| Untracked 
|  72|0x0000000084800000, 0x0000000084900000, 0x0000000084900000|100%| O|  |TAMS 0x0000000084900000, 0x0000000084800000| Untracked 
|  73|0x0000000084900000, 0x0000000084a00000, 0x0000000084a00000|100%| O|  |TAMS 0x0000000084a00000, 0x0000000084900000| Untracked 
|  74|0x0000000084a00000, 0x0000000084b00000, 0x0000000084b00000|100%| O|  |TAMS 0x0000000084b00000, 0x0000000084a00000| Untracked 
|  75|0x0000000084b00000, 0x0000000084c00000, 0x0000000084c00000|100%| O|  |TAMS 0x0000000084c00000, 0x0000000084b00000| Untracked 
|  76|0x0000000084c00000, 0x0000000084d00000, 0x0000000084d00000|100%| O|  |TAMS 0x0000000084d00000, 0x0000000084c00000| Untracked 
|  77|0x0000000084d00000, 0x0000000084e00000, 0x0000000084e00000|100%| O|  |TAMS 0x0000000084e00000, 0x0000000084d00000| Untracked 
|  78|0x0000000084e00000, 0x0000000084f00000, 0x0000000084f00000|100%| O|  |TAMS 0x0000000084f00000, 0x0000000084e00000| Untracked 
|  79|0x0000000084f00000, 0x0000000085000000, 0x0000000085000000|100%| O|  |TAMS 0x0000000085000000, 0x0000000084f00000| Untracked 
|  80|0x0000000085000000, 0x0000000085100000, 0x0000000085100000|100%| O|  |TAMS 0x0000000085100000, 0x0000000085000000| Untracked 
|  81|0x0000000085100000, 0x0000000085200000, 0x0000000085200000|100%| O|  |TAMS 0x0000000085200000, 0x0000000085100000| Untracked 
|  82|0x0000000085200000, 0x0000000085300000, 0x0000000085300000|100%| O|  |TAMS 0x0000000085300000, 0x0000000085200000| Untracked 
|  83|0x0000000085300000, 0x0000000085400000, 0x0000000085400000|100%| O|  |TAMS 0x0000000085344400, 0x0000000085300000| Untracked 
|  84|0x0000000085400000, 0x0000000085500000, 0x0000000085500000|100%| O|  |TAMS 0x0000000085400000, 0x0000000085400000| Untracked 
|  85|0x0000000085500000, 0x0000000085600000, 0x0000000085600000|100%| O|  |TAMS 0x0000000085500000, 0x0000000085500000| Untracked 
|  86|0x0000000085600000, 0x0000000085700000, 0x0000000085700000|100%| O|  |TAMS 0x0000000085600000, 0x0000000085600000| Untracked 
|  87|0x0000000085700000, 0x0000000085800000, 0x0000000085800000|100%| O|  |TAMS 0x0000000085700000, 0x0000000085700000| Untracked 
|  88|0x0000000085800000, 0x0000000085900000, 0x0000000085900000|100%| O|  |TAMS 0x0000000085800000, 0x0000000085800000| Untracked 
|  89|0x0000000085900000, 0x0000000085a00000, 0x0000000085a00000|100%| O|  |TAMS 0x0000000085900000, 0x0000000085900000| Untracked 
|  90|0x0000000085a00000, 0x0000000085b00000, 0x0000000085b00000|100%| O|  |TAMS 0x0000000085a00000, 0x0000000085a00000| Untracked 
|  91|0x0000000085b00000, 0x0000000085c00000, 0x0000000085c00000|100%| O|  |TAMS 0x0000000085b00000, 0x0000000085b00000| Untracked 
|  92|0x0000000085c00000, 0x0000000085d00000, 0x0000000085d00000|100%| O|  |TAMS 0x0000000085c00000, 0x0000000085c00000| Untracked 
|  93|0x0000000085d00000, 0x0000000085e00000, 0x0000000085e00000|100%| O|  |TAMS 0x0000000085d00000, 0x0000000085d00000| Untracked 
|  94|0x0000000085e00000, 0x0000000085f00000, 0x0000000085f00000|100%| O|  |TAMS 0x0000000085e00000, 0x0000000085e00000| Untracked 
|  95|0x0000000085f00000, 0x0000000085f00000, 0x0000000086000000|  0%| F|  |TAMS 0x0000000085f00000, 0x0000000085f00000| Untracked 
|  96|0x0000000086000000, 0x0000000086100000, 0x0000000086100000|100%| O|  |TAMS 0x0000000086000000, 0x0000000086000000| Untracked 
|  97|0x0000000086100000, 0x0000000086200000, 0x0000000086200000|100%|HS|  |TAMS 0x0000000086100000, 0x0000000086100000| Complete 
|  98|0x0000000086200000, 0x0000000086300000, 0x0000000086300000|100%|HC|  |TAMS 0x0000000086200000, 0x0000000086200000| Complete 
|  99|0x0000000086300000, 0x0000000086300000, 0x0000000086400000|  0%| F|  |TAMS 0x0000000086300000, 0x0000000086300000| Untracked 
| 100|0x0000000086400000, 0x0000000086500000, 0x0000000086500000|100%| O|  |TAMS 0x0000000086500000, 0x0000000086400000| Untracked 
| 101|0x0000000086500000, 0x0000000086600000, 0x0000000086600000|100%| O|  |TAMS 0x0000000086600000, 0x0000000086500000| Untracked 
| 102|0x0000000086600000, 0x0000000086700000, 0x0000000086700000|100%| O|  |TAMS 0x0000000086700000, 0x0000000086600000| Untracked 
| 103|0x0000000086700000, 0x0000000086800000, 0x0000000086800000|100%| O|  |TAMS 0x0000000086800000, 0x0000000086700000| Untracked 
| 104|0x0000000086800000, 0x0000000086900000, 0x0000000086900000|100%| O|  |TAMS 0x0000000086900000, 0x0000000086800000| Untracked 
| 105|0x0000000086900000, 0x0000000086a00000, 0x0000000086a00000|100%| O|  |TAMS 0x0000000086a00000, 0x0000000086900000| Untracked 
| 106|0x0000000086a00000, 0x0000000086a00000, 0x0000000086b00000|  0%| F|  |TAMS 0x0000000086a00000, 0x0000000086a00000| Untracked 
| 107|0x0000000086b00000, 0x0000000086b00000, 0x0000000086c00000|  0%| F|  |TAMS 0x0000000086b00000, 0x0000000086b00000| Untracked 
| 108|0x0000000086c00000, 0x0000000086c00000, 0x0000000086d00000|  0%| F|  |TAMS 0x0000000086c00000, 0x0000000086c00000| Untracked 
| 109|0x0000000086d00000, 0x0000000086d00000, 0x0000000086e00000|  0%| F|  |TAMS 0x0000000086d00000, 0x0000000086d00000| Untracked 
| 110|0x0000000086e00000, 0x0000000086e00000, 0x0000000086f00000|  0%| F|  |TAMS 0x0000000086e00000, 0x0000000086e00000| Untracked 
| 111|0x0000000086f00000, 0x0000000086f00000, 0x0000000087000000|  0%| F|  |TAMS 0x0000000086f00000, 0x0000000086f00000| Untracked 
| 112|0x0000000087000000, 0x0000000087000000, 0x0000000087100000|  0%| F|  |TAMS 0x0000000087000000, 0x0000000087000000| Untracked 
| 113|0x0000000087100000, 0x0000000087100000, 0x0000000087200000|  0%| F|  |TAMS 0x0000000087100000, 0x0000000087100000| Untracked 
| 114|0x0000000087200000, 0x0000000087200000, 0x0000000087300000|  0%| F|  |TAMS 0x0000000087200000, 0x0000000087200000| Untracked 
| 115|0x0000000087300000, 0x0000000087300000, 0x0000000087400000|  0%| F|  |TAMS 0x0000000087300000, 0x0000000087300000| Untracked 
| 116|0x0000000087400000, 0x0000000087400000, 0x0000000087500000|  0%| F|  |TAMS 0x0000000087400000, 0x0000000087400000| Untracked 
| 117|0x0000000087500000, 0x0000000087500000, 0x0000000087600000|  0%| F|  |TAMS 0x0000000087500000, 0x0000000087500000| Untracked 
| 118|0x0000000087600000, 0x0000000087700000, 0x0000000087700000|100%| O|  |TAMS 0x0000000087700000, 0x0000000087600000| Untracked 
| 119|0x0000000087700000, 0x0000000087700000, 0x0000000087800000|  0%| F|  |TAMS 0x0000000087700000, 0x0000000087700000| Untracked 
| 120|0x0000000087800000, 0x0000000087900000, 0x0000000087900000|100%| O|  |TAMS 0x0000000087900000, 0x0000000087800000| Untracked 
| 121|0x0000000087900000, 0x0000000087900000, 0x0000000087a00000|  0%| F|  |TAMS 0x0000000087900000, 0x0000000087900000| Untracked 
| 122|0x0000000087a00000, 0x0000000087a00000, 0x0000000087b00000|  0%| F|  |TAMS 0x0000000087a00000, 0x0000000087a00000| Untracked 
| 123|0x0000000087b00000, 0x0000000087b00000, 0x0000000087c00000|  0%| F|  |TAMS 0x0000000087b00000, 0x0000000087b00000| Untracked 
| 124|0x0000000087c00000, 0x0000000087c00000, 0x0000000087d00000|  0%| F|  |TAMS 0x0000000087c00000, 0x0000000087c00000| Untracked 
| 125|0x0000000087d00000, 0x0000000087d00000, 0x0000000087e00000|  0%| F|  |TAMS 0x0000000087d00000, 0x0000000087d00000| Untracked 
| 126|0x0000000087e00000, 0x0000000087e00000, 0x0000000087f00000|  0%| F|  |TAMS 0x0000000087e00000, 0x0000000087e00000| Untracked 
| 127|0x0000000087f00000, 0x0000000087f00000, 0x0000000088000000|  0%| F|  |TAMS 0x0000000087f00000, 0x0000000087f00000| Untracked 
| 128|0x0000000088000000, 0x0000000088000000, 0x0000000088100000|  0%| F|  |TAMS 0x0000000088000000, 0x0000000088000000| Untracked 
| 129|0x0000000088100000, 0x0000000088100000, 0x0000000088200000|  0%| F|  |TAMS 0x0000000088100000, 0x0000000088100000| Untracked 
| 130|0x0000000088200000, 0x0000000088200000, 0x0000000088300000|  0%| F|  |TAMS 0x0000000088200000, 0x0000000088200000| Untracked 
| 131|0x0000000088300000, 0x0000000088300000, 0x0000000088400000|  0%| F|  |TAMS 0x0000000088300000, 0x0000000088300000| Untracked 
| 132|0x0000000088400000, 0x0000000088400000, 0x0000000088500000|  0%| F|  |TAMS 0x0000000088400000, 0x0000000088400000| Untracked 
| 133|0x0000000088500000, 0x0000000088500000, 0x0000000088600000|  0%| F|  |TAMS 0x0000000088500000, 0x0000000088500000| Untracked 
| 134|0x0000000088600000, 0x0000000088600000, 0x0000000088700000|  0%| F|  |TAMS 0x0000000088600000, 0x0000000088600000| Untracked 
| 135|0x0000000088700000, 0x0000000088700000, 0x0000000088800000|  0%| F|  |TAMS 0x0000000088700000, 0x0000000088700000| Untracked 
| 136|0x0000000088800000, 0x0000000088800000, 0x0000000088900000|  0%| F|  |TAMS 0x0000000088800000, 0x0000000088800000| Untracked 
| 137|0x0000000088900000, 0x0000000088900000, 0x0000000088a00000|  0%| F|  |TAMS 0x0000000088900000, 0x0000000088900000| Untracked 
| 138|0x0000000088a00000, 0x0000000088a00000, 0x0000000088b00000|  0%| F|  |TAMS 0x0000000088a00000, 0x0000000088a00000| Untracked 
| 139|0x0000000088b00000, 0x0000000088b00000, 0x0000000088c00000|  0%| F|  |TAMS 0x0000000088b00000, 0x0000000088b00000| Untracked 
| 140|0x0000000088c00000, 0x0000000088c00000, 0x0000000088d00000|  0%| F|  |TAMS 0x0000000088c00000, 0x0000000088c00000| Untracked 
| 141|0x0000000088d00000, 0x0000000088d00000, 0x0000000088e00000|  0%| F|  |TAMS 0x0000000088d00000, 0x0000000088d00000| Untracked 
| 142|0x0000000088e00000, 0x0000000088e00000, 0x0000000088f00000|  0%| F|  |TAMS 0x0000000088e00000, 0x0000000088e00000| Untracked 
| 143|0x0000000088f00000, 0x0000000088f00000, 0x0000000089000000|  0%| F|  |TAMS 0x0000000088f00000, 0x0000000088f00000| Untracked 
| 144|0x0000000089000000, 0x0000000089000000, 0x0000000089100000|  0%| F|  |TAMS 0x0000000089000000, 0x0000000089000000| Untracked 
| 145|0x0000000089100000, 0x0000000089100000, 0x0000000089200000|  0%| F|  |TAMS 0x0000000089100000, 0x0000000089100000| Untracked 
| 146|0x0000000089200000, 0x0000000089200000, 0x0000000089300000|  0%| F|  |TAMS 0x0000000089200000, 0x0000000089200000| Untracked 
| 147|0x0000000089300000, 0x0000000089300000, 0x0000000089400000|  0%| F|  |TAMS 0x0000000089300000, 0x0000000089300000| Untracked 
| 148|0x0000000089400000, 0x0000000089400000, 0x0000000089500000|  0%| F|  |TAMS 0x0000000089400000, 0x0000000089400000| Untracked 
| 149|0x0000000089500000, 0x0000000089500000, 0x0000000089600000|  0%| F|  |TAMS 0x0000000089500000, 0x0000000089500000| Untracked 
| 150|0x0000000089600000, 0x0000000089600000, 0x0000000089700000|  0%| F|  |TAMS 0x0000000089600000, 0x0000000089600000| Untracked 
| 151|0x0000000089700000, 0x0000000089700000, 0x0000000089800000|  0%| F|  |TAMS 0x0000000089700000, 0x0000000089700000| Untracked 
| 152|0x0000000089800000, 0x0000000089800000, 0x0000000089900000|  0%| F|  |TAMS 0x0000000089800000, 0x0000000089800000| Untracked 
| 153|0x0000000089900000, 0x0000000089900000, 0x0000000089a00000|  0%| F|  |TAMS 0x0000000089900000, 0x0000000089900000| Untracked 
| 154|0x0000000089a00000, 0x0000000089a00000, 0x0000000089b00000|  0%| F|  |TAMS 0x0000000089a00000, 0x0000000089a00000| Untracked 
| 155|0x0000000089b00000, 0x0000000089b00000, 0x0000000089c00000|  0%| F|  |TAMS 0x0000000089b00000, 0x0000000089b00000| Untracked 
| 156|0x0000000089c00000, 0x0000000089c00000, 0x0000000089d00000|  0%| F|  |TAMS 0x0000000089c00000, 0x0000000089c00000| Untracked 
| 157|0x0000000089d00000, 0x0000000089d00000, 0x0000000089e00000|  0%| F|  |TAMS 0x0000000089d00000, 0x0000000089d00000| Untracked 
| 158|0x0000000089e00000, 0x0000000089e00000, 0x0000000089f00000|  0%| F|  |TAMS 0x0000000089e00000, 0x0000000089e00000| Untracked 
| 159|0x0000000089f00000, 0x0000000089f00000, 0x000000008a000000|  0%| F|  |TAMS 0x0000000089f00000, 0x0000000089f00000| Untracked 
| 160|0x000000008a000000, 0x000000008a06df50, 0x000000008a100000| 42%| S|CS|TAMS 0x000000008a000000, 0x000000008a000000| Complete 
| 161|0x000000008a100000, 0x000000008a200000, 0x000000008a200000|100%| S|CS|TAMS 0x000000008a100000, 0x000000008a100000| Complete 
| 162|0x000000008a200000, 0x000000008a300000, 0x000000008a300000|100%| S|CS|TAMS 0x000000008a200000, 0x000000008a200000| Complete 
| 163|0x000000008a300000, 0x000000008a400000, 0x000000008a400000|100%| S|CS|TAMS 0x000000008a300000, 0x000000008a300000| Complete 
| 164|0x000000008a400000, 0x000000008a500000, 0x000000008a500000|100%| S|CS|TAMS 0x000000008a400000, 0x000000008a400000| Complete 
| 165|0x000000008a500000, 0x000000008a600000, 0x000000008a600000|100%| S|CS|TAMS 0x000000008a500000, 0x000000008a500000| Complete 
| 166|0x000000008a600000, 0x000000008a600000, 0x000000008a700000|  0%| F|  |TAMS 0x000000008a600000, 0x000000008a600000| Untracked 
| 167|0x000000008a700000, 0x000000008a700000, 0x000000008a800000|  0%| F|  |TAMS 0x000000008a700000, 0x000000008a700000| Untracked 
| 168|0x000000008a800000, 0x000000008a800000, 0x000000008a900000|  0%| F|  |TAMS 0x000000008a800000, 0x000000008a800000| Untracked 
| 169|0x000000008a900000, 0x000000008a900000, 0x000000008aa00000|  0%| F|  |TAMS 0x000000008a900000, 0x000000008a900000| Untracked 
| 170|0x000000008aa00000, 0x000000008aa00000, 0x000000008ab00000|  0%| F|  |TAMS 0x000000008aa00000, 0x000000008aa00000| Untracked 
| 171|0x000000008ab00000, 0x000000008ab00000, 0x000000008ac00000|  0%| F|  |TAMS 0x000000008ab00000, 0x000000008ab00000| Untracked 
| 172|0x000000008ac00000, 0x000000008ac00000, 0x000000008ad00000|  0%| F|  |TAMS 0x000000008ac00000, 0x000000008ac00000| Untracked 
| 173|0x000000008ad00000, 0x000000008ad00000, 0x000000008ae00000|  0%| F|  |TAMS 0x000000008ad00000, 0x000000008ad00000| Untracked 
| 174|0x000000008ae00000, 0x000000008ae00000, 0x000000008af00000|  0%| F|  |TAMS 0x000000008ae00000, 0x000000008ae00000| Untracked 
| 175|0x000000008af00000, 0x000000008af00000, 0x000000008b000000|  0%| F|  |TAMS 0x000000008af00000, 0x000000008af00000| Untracked 
| 176|0x000000008b000000, 0x000000008b000000, 0x000000008b100000|  0%| F|  |TAMS 0x000000008b000000, 0x000000008b000000| Untracked 
| 177|0x000000008b100000, 0x000000008b100000, 0x000000008b200000|  0%| F|  |TAMS 0x000000008b100000, 0x000000008b100000| Untracked 
| 178|0x000000008b200000, 0x000000008b200000, 0x000000008b300000|  0%| F|  |TAMS 0x000000008b200000, 0x000000008b200000| Untracked 
| 179|0x000000008b300000, 0x000000008b300000, 0x000000008b400000|  0%| F|  |TAMS 0x000000008b300000, 0x000000008b300000| Untracked 
| 180|0x000000008b400000, 0x000000008b400000, 0x000000008b500000|  0%| F|  |TAMS 0x000000008b400000, 0x000000008b400000| Untracked 
| 181|0x000000008b500000, 0x000000008b5df6f8, 0x000000008b600000| 87%| E|  |TAMS 0x000000008b500000, 0x000000008b500000| Complete 
| 182|0x000000008b600000, 0x000000008b700000, 0x000000008b700000|100%| E|CS|TAMS 0x000000008b600000, 0x000000008b600000| Complete 
| 183|0x000000008b700000, 0x000000008b800000, 0x000000008b800000|100%| E|CS|TAMS 0x000000008b700000, 0x000000008b700000| Complete 
| 184|0x000000008b800000, 0x000000008b8ffa50, 0x000000008b900000| 99%| E|  |TAMS 0x000000008b800000, 0x000000008b800000| Complete 
| 185|0x000000008b900000, 0x000000008ba00000, 0x000000008ba00000|100%| E|CS|TAMS 0x000000008b900000, 0x000000008b900000| Complete 
| 186|0x000000008ba00000, 0x000000008bb00000, 0x000000008bb00000|100%| E|CS|TAMS 0x000000008ba00000, 0x000000008ba00000| Complete 
| 187|0x000000008bb00000, 0x000000008bc00000, 0x000000008bc00000|100%| E|CS|TAMS 0x000000008bb00000, 0x000000008bb00000| Complete 
| 188|0x000000008bc00000, 0x000000008bd00000, 0x000000008bd00000|100%| E|CS|TAMS 0x000000008bc00000, 0x000000008bc00000| Complete 
| 189|0x000000008bd00000, 0x000000008be00000, 0x000000008be00000|100%| E|CS|TAMS 0x000000008bd00000, 0x000000008bd00000| Complete 
| 190|0x000000008be00000, 0x000000008bf00000, 0x000000008bf00000|100%| E|CS|TAMS 0x000000008be00000, 0x000000008be00000| Complete 
| 191|0x000000008bf00000, 0x000000008c000000, 0x000000008c000000|100%| E|CS|TAMS 0x000000008bf00000, 0x000000008bf00000| Complete 
| 192|0x000000008c000000, 0x000000008c100000, 0x000000008c100000|100%| E|CS|TAMS 0x000000008c000000, 0x000000008c000000| Complete 
| 193|0x000000008c100000, 0x000000008c200000, 0x000000008c200000|100%| E|CS|TAMS 0x000000008c100000, 0x000000008c100000| Complete 
| 194|0x000000008c200000, 0x000000008c300000, 0x000000008c300000|100%| E|CS|TAMS 0x000000008c200000, 0x000000008c200000| Complete 
| 195|0x000000008c300000, 0x000000008c400000, 0x000000008c400000|100%| E|CS|TAMS 0x000000008c300000, 0x000000008c300000| Complete 
| 196|0x000000008c400000, 0x000000008c500000, 0x000000008c500000|100%| E|CS|TAMS 0x000000008c400000, 0x000000008c400000| Complete 
| 197|0x000000008c500000, 0x000000008c600000, 0x000000008c600000|100%| E|CS|TAMS 0x000000008c500000, 0x000000008c500000| Complete 
| 198|0x000000008c600000, 0x000000008c700000, 0x000000008c700000|100%| E|CS|TAMS 0x000000008c600000, 0x000000008c600000| Complete 
| 199|0x000000008c700000, 0x000000008c800000, 0x000000008c800000|100%| E|CS|TAMS 0x000000008c700000, 0x000000008c700000| Complete 
| 200|0x000000008c800000, 0x000000008c900000, 0x000000008c900000|100%| E|CS|TAMS 0x000000008c800000, 0x000000008c800000| Complete 
| 201|0x000000008c900000, 0x000000008ca00000, 0x000000008ca00000|100%| E|CS|TAMS 0x000000008c900000, 0x000000008c900000| Complete 
| 202|0x000000008ca00000, 0x000000008cb00000, 0x000000008cb00000|100%| E|CS|TAMS 0x000000008ca00000, 0x000000008ca00000| Complete 
| 203|0x000000008cb00000, 0x000000008cc00000, 0x000000008cc00000|100%| E|CS|TAMS 0x000000008cb00000, 0x000000008cb00000| Complete 
| 204|0x000000008cc00000, 0x000000008cd00000, 0x000000008cd00000|100%| E|CS|TAMS 0x000000008cc00000, 0x000000008cc00000| Complete 
| 205|0x000000008cd00000, 0x000000008ce00000, 0x000000008ce00000|100%| E|CS|TAMS 0x000000008cd00000, 0x000000008cd00000| Complete 
| 206|0x000000008ce00000, 0x000000008cf00000, 0x000000008cf00000|100%| E|CS|TAMS 0x000000008ce00000, 0x000000008ce00000| Complete 
| 207|0x000000008cf00000, 0x000000008d000000, 0x000000008d000000|100%| E|CS|TAMS 0x000000008cf00000, 0x000000008cf00000| Complete 
| 208|0x000000008d000000, 0x000000008d100000, 0x000000008d100000|100%| E|CS|TAMS 0x000000008d000000, 0x000000008d000000| Complete 
| 209|0x000000008d100000, 0x000000008d200000, 0x000000008d200000|100%| E|CS|TAMS 0x000000008d100000, 0x000000008d100000| Complete 
| 210|0x000000008d200000, 0x000000008d300000, 0x000000008d300000|100%| E|CS|TAMS 0x000000008d200000, 0x000000008d200000| Complete 
| 211|0x000000008d300000, 0x000000008d400000, 0x000000008d400000|100%| E|CS|TAMS 0x000000008d300000, 0x000000008d300000| Complete 
| 212|0x000000008d400000, 0x000000008d500000, 0x000000008d500000|100%| E|CS|TAMS 0x000000008d400000, 0x000000008d400000| Complete 
| 213|0x000000008d500000, 0x000000008d600000, 0x000000008d600000|100%| E|CS|TAMS 0x000000008d500000, 0x000000008d500000| Complete 
| 214|0x000000008d600000, 0x000000008d700000, 0x000000008d700000|100%| E|CS|TAMS 0x000000008d600000, 0x000000008d600000| Complete 
| 215|0x000000008d700000, 0x000000008d800000, 0x000000008d800000|100%| E|CS|TAMS 0x000000008d700000, 0x000000008d700000| Complete 
| 216|0x000000008d800000, 0x000000008d900000, 0x000000008d900000|100%| E|CS|TAMS 0x000000008d800000, 0x000000008d800000| Complete 
| 217|0x000000008d900000, 0x000000008da00000, 0x000000008da00000|100%| E|CS|TAMS 0x000000008d900000, 0x000000008d900000| Complete 
| 218|0x000000008da00000, 0x000000008db00000, 0x000000008db00000|100%| E|CS|TAMS 0x000000008da00000, 0x000000008da00000| Complete 
| 219|0x000000008db00000, 0x000000008dc00000, 0x000000008dc00000|100%| E|CS|TAMS 0x000000008db00000, 0x000000008db00000| Complete 

Card table byte_map: [0x000001ceb40f0000,0x000001ceb44f0000] _byte_map_base: 0x000001ceb3cf0000

Marking Bits (Prev, Next): (CMBitMap*) 0x000001cea0ec7230, (CMBitMap*) 0x000001cea0ec71f8
 Prev Bits: [0x000001ceb68f0000, 0x000001ceb88f0000)
 Next Bits: [0x000001ceb48f0000, 0x000001ceb68f0000)

Polling page: 0x000001cea0660000

Metaspace:

Usage:
  Non-class:    105.90 MB capacity,   103.45 MB ( 98%) used,     1.96 MB (  2%) free+waste,   494.12 KB ( <1%) overhead. 
      Class:     17.09 MB capacity,    15.50 MB ( 91%) used,     1.37 MB (  8%) free+waste,   233.69 KB (  1%) overhead. 
       Both:    122.99 MB capacity,   118.95 MB ( 97%) used,     3.33 MB (  3%) free+waste,   727.81 KB ( <1%) overhead. 

Virtual space:
  Non-class space:      108.00 MB reserved,     106.13 MB ( 98%) committed 
      Class space:        1.00 GB reserved,      17.20 MB (  2%) committed 
             Both:        1.11 GB reserved,     123.33 MB ( 11%) committed 

Chunk freelists:
   Non-Class:  46.00 KB
       Class:  0 bytes
        Both:  46.00 KB

MaxMetaspaceSize: 17179869184.00 GB
CompressedClassSpaceSize: 1.00 GB
Initial GC threshold: 20.80 MB
Current GC threshold: 169.30 MB
CDS: off

CodeHeap 'non-profiled nmethods': size=120000Kb used=11651Kb max_used=11719Kb free=108348Kb
 bounds [0x000001ceac480000, 0x000001cead010000, 0x000001ceb39b0000]
CodeHeap 'profiled nmethods': size=120000Kb used=37312Kb max_used=37897Kb free=82687Kb
 bounds [0x000001cea4f50000, 0x000001cea7460000, 0x000001ceac480000]
CodeHeap 'non-nmethods': size=5760Kb used=2471Kb max_used=2517Kb free=3289Kb
 bounds [0x000001cea49b0000, 0x000001cea4c40000, 0x000001cea4f50000]
 total_blobs=18445 nmethods=17432 adapters=925
 compilation: enabled
              stopped_count=0, restarted_count=0
 full_count=0

Compilation events (20 events):
Event: 707.607 Thread 0x000001cebbccd800 18554       3       com.android.ide.common.resources.FileResourceNameValidator::getErrorTextForFileResource (250 bytes)
Event: 707.641 Thread 0x000001cebbccd800 nmethod 18554 0x000001cea550bb10 code [0x000001cea550c280, 0x000001cea550fd88]
Event: 707.642 Thread 0x000001cebbccd800 18555       3       java.lang.String::codePoints (43 bytes)
Event: 707.666 Thread 0x000001cebbccd800 nmethod 18555 0x000001cea594ab10 code [0x000001cea594ad40, 0x000001cea594b338]
Event: 707.670 Thread 0x000001cebbccd800 18556       3       com.android.ide.common.rendering.api.ResourceNamespace::TODO (55 bytes)
Event: 707.731 Thread 0x000001cebbccd800 nmethod 18556 0x000001cea54f8b90 code [0x000001cea54f8ec0, 0x000001cea54fa058]
Event: 707.732 Thread 0x000001cebbccd800 18558       3       com.android.ide.common.resources.ResourceMerger::getMergedResourceMergerItem (37 bytes)
Event: 707.742 Thread 0x000001cebbccd800 nmethod 18558 0x000001cea5305b10 code [0x000001cea5305d80, 0x000001cea5306908]
Event: 707.742 Thread 0x000001cebbccd800 18559       3       com.android.ide.common.resources.MergedResourceMergerItem::<init> (18 bytes)
Event: 707.744 Thread 0x000001cebbccd800 nmethod 18559 0x000001cea5305610 code [0x000001cea53057e0, 0x000001cea5305a08]
Event: 707.813 Thread 0x000001cebbcc8800 nmethod 18540 0x000001ceacfff390 code [0x000001ceacfffa00, 0x000001cead007858]
Event: 707.818 Thread 0x000001cebbcc8800 18557       4       org.apache.xerces.dom.NamedNodeMapImpl::findNamePoint (131 bytes)
Event: 707.859 Thread 0x000001cebbcc8800 nmethod 18557 0x000001ceac527210 code [0x000001ceac527420, 0x000001ceac527f78]
Event: 707.859 Thread 0x000001cebbcc8800 18552       4       com.android.ide.common.resources.DataSet::processNewDataFile (74 bytes)
Event: 708.044 Thread 0x000001cebbcc8800 nmethod 18552 0x000001ceac69fe10 code [0x000001ceac6a0140, 0x000001ceac6a2fc0]
Event: 708.044 Thread 0x000001cebbcc8800 18561       4       com.google.common.collect.ArrayListMultimap::putAll (7 bytes)
Event: 708.169 Thread 0x000001cebbcc8800 nmethod 18561 0x000001ceac699990 code [0x000001ceac699d00, 0x000001ceac69c130]
Event: 708.172 Thread 0x000001cebbcc8800 18562       4       com.google.common.collect.AbstractMultimap::putAll (80 bytes)
Event: 708.329 Thread 0x000001cebbcc8800 nmethod 18562 0x000001ceac671010 code [0x000001ceac671380, 0x000001ceac6737f0]
Event: 708.333 Thread 0x000001cebbcc8800 18560       4       com.google.common.collect.LinkedListMultimap$DistinctKeyIterator::next (81 bytes)

GC Heap History (20 events):
Event: 29.472 GC heap before
{Heap before GC invocations=46 (full 0):
 garbage-first heap   total 187392K, used 129777K [0x0000000080000000, 0x0000000100000000)
  region size 1024K, 40 young (40960K), 1 survivors (1024K)
 Metaspace       used 100166K, capacity 102767K, committed 102992K, reserved 1138688K
  class space    used 12900K, capacity 13900K, committed 14028K, reserved 1048576K
}
Event: 29.478 GC heap after
{Heap after GC invocations=47 (full 0):
 garbage-first heap   total 187392K, used 92470K [0x0000000080000000, 0x0000000100000000)
  region size 1024K, 4 young (4096K), 4 survivors (4096K)
 Metaspace       used 100166K, capacity 102767K, committed 102992K, reserved 1138688K
  class space    used 12900K, capacity 13900K, committed 14028K, reserved 1048576K
}
Event: 30.165 GC heap before
{Heap before GC invocations=48 (full 0):
 garbage-first heap   total 187392K, used 132406K [0x0000000080000000, 0x0000000100000000)
  region size 1024K, 44 young (45056K), 4 survivors (4096K)
 Metaspace       used 100477K, capacity 103027K, committed 103248K, reserved 1138688K
  class space    used 12905K, capacity 13903K, committed 14028K, reserved 1048576K
}
Event: 30.172 GC heap after
{Heap after GC invocations=49 (full 0):
 garbage-first heap   total 187392K, used 94753K [0x0000000080000000, 0x0000000100000000)
  region size 1024K, 5 young (5120K), 5 survivors (5120K)
 Metaspace       used 100477K, capacity 103027K, committed 103248K, reserved 1138688K
  class space    used 12905K, capacity 13903K, committed 14028K, reserved 1048576K
}
Event: 30.235 GC heap before
{Heap before GC invocations=49 (full 0):
 garbage-first heap   total 187392K, used 97825K [0x0000000080000000, 0x0000000100000000)
  region size 1024K, 9 young (9216K), 5 survivors (5120K)
 Metaspace       used 100526K, capacity 103106K, committed 103248K, reserved 1138688K
  class space    used 12907K, capacity 13905K, committed 14028K, reserved 1048576K
}
Event: 30.244 GC heap after
{Heap after GC invocations=50 (full 0):
 garbage-first heap   total 187392K, used 94100K [0x0000000080000000, 0x0000000100000000)
  region size 1024K, 1 young (1024K), 1 survivors (1024K)
 Metaspace       used 100526K, capacity 103106K, committed 103248K, reserved 1138688K
  class space    used 12907K, capacity 13905K, committed 14028K, reserved 1048576K
}
Event: 31.159 GC heap before
{Heap before GC invocations=50 (full 0):
 garbage-first heap   total 187392K, used 135060K [0x0000000080000000, 0x0000000100000000)
  region size 1024K, 42 young (43008K), 1 survivors (1024K)
 Metaspace       used 101334K, capacity 103980K, committed 104016K, reserved 1138688K
  class space    used 12990K, capacity 14005K, committed 14028K, reserved 1048576K
}
Event: 31.165 GC heap after
{Heap after GC invocations=51 (full 0):
 garbage-first heap   total 225280K, used 97156K [0x0000000080000000, 0x0000000100000000)
  region size 1024K, 4 young (4096K), 4 survivors (4096K)
 Metaspace       used 101334K, capacity 103980K, committed 104016K, reserved 1138688K
  class space    used 12990K, capacity 14005K, committed 14028K, reserved 1048576K
}
Event: 33.863 GC heap before
{Heap before GC invocations=52 (full 0):
 garbage-first heap   total 225280K, used 155524K [0x0000000080000000, 0x0000000100000000)
  region size 1024K, 62 young (63488K), 4 survivors (4096K)
 Metaspace       used 101904K, capacity 104600K, committed 104912K, reserved 1140736K
  class space    used 13054K, capacity 14083K, committed 14156K, reserved 1048576K
}
Event: 33.870 GC heap after
{Heap after GC invocations=53 (full 0):
 garbage-first heap   total 225280K, used 100477K [0x0000000080000000, 0x0000000100000000)
  region size 1024K, 7 young (7168K), 7 survivors (7168K)
 Metaspace       used 101904K, capacity 104600K, committed 104912K, reserved 1140736K
  class space    used 13054K, capacity 14083K, committed 14156K, reserved 1048576K
}
Event: 34.416 GC heap before
{Heap before GC invocations=53 (full 0):
 garbage-first heap   total 225280K, used 163965K [0x0000000080000000, 0x0000000100000000)
  region size 1024K, 68 young (69632K), 7 survivors (7168K)
 Metaspace       used 104073K, capacity 106868K, committed 106960K, reserved 1142784K
  class space    used 13332K, capacity 14356K, committed 14412K, reserved 1048576K
}
Event: 34.427 GC heap after
{Heap after GC invocations=54 (full 0):
 garbage-first heap   total 225280K, used 105313K [0x0000000080000000, 0x0000000100000000)
  region size 1024K, 9 young (9216K), 9 survivors (9216K)
 Metaspace       used 104073K, capacity 106868K, committed 106960K, reserved 1142784K
  class space    used 13332K, capacity 14356K, committed 14412K, reserved 1048576K
}
Event: 35.242 GC heap before
{Heap before GC invocations=54 (full 0):
 garbage-first heap   total 225280K, used 166753K [0x0000000080000000, 0x0000000100000000)
  region size 1024K, 70 young (71680K), 9 survivors (9216K)
 Metaspace       used 111583K, capacity 114999K, committed 115152K, reserved 1148928K
  class space    used 14504K, capacity 15850K, committed 15948K, reserved 1048576K
}
Event: 35.253 GC heap after
{Heap after GC invocations=55 (full 0):
 garbage-first heap   total 225280K, used 113487K [0x0000000080000000, 0x0000000100000000)
  region size 1024K, 9 young (9216K), 9 survivors (9216K)
 Metaspace       used 111583K, capacity 114999K, committed 115152K, reserved 1148928K
  class space    used 14504K, capacity 15850K, committed 15948K, reserved 1048576K
}
Event: 35.952 GC heap before
{Heap before GC invocations=55 (full 0):
 garbage-first heap   total 225280K, used 172879K [0x0000000080000000, 0x0000000100000000)
  region size 1024K, 67 young (68608K), 9 survivors (9216K)
 Metaspace       used 116631K, capacity 120446K, committed 120528K, reserved 1153024K
  class space    used 15174K, capacity 16661K, committed 16716K, reserved 1048576K
}
Event: 35.957 GC heap after
{Heap after GC invocations=56 (full 0):
 garbage-first heap   total 225280K, used 108737K [0x0000000080000000, 0x0000000100000000)
  region size 1024K, 3 young (3072K), 3 survivors (3072K)
 Metaspace       used 116631K, capacity 120446K, committed 120528K, reserved 1153024K
  class space    used 15174K, capacity 16661K, committed 16716K, reserved 1048576K
}
Event: 36.803 GC heap before
{Heap before GC invocations=56 (full 0):
 garbage-first heap   total 225280K, used 192705K [0x0000000080000000, 0x0000000100000000)
  region size 1024K, 68 young (69632K), 3 survivors (3072K)
 Metaspace       used 119831K, capacity 123844K, committed 123984K, reserved 1157120K
  class space    used 15690K, capacity 17251K, committed 17356K, reserved 1048576K
}
Event: 36.806 GC heap after
{Heap after GC invocations=57 (full 0):
 garbage-first heap   total 225280K, used 128067K [0x0000000080000000, 0x0000000100000000)
  region size 1024K, 4 young (4096K), 4 survivors (4096K)
 Metaspace       used 119831K, capacity 123844K, committed 123984K, reserved 1157120K
  class space    used 15690K, capacity 17251K, committed 17356K, reserved 1048576K
}
Event: 681.378 GC heap before
{Heap before GC invocations=57 (full 0):
 garbage-first heap   total 225280K, used 197699K [0x0000000080000000, 0x0000000100000000)
  region size 1024K, 58 young (59392K), 4 survivors (4096K)
 Metaspace       used 121559K, capacity 125677K, committed 126032K, reserved 1157120K
  class space    used 15864K, capacity 17490K, committed 17612K, reserved 1048576K
}
Event: 681.687 GC heap after
{Heap after GC invocations=58 (full 0):
 garbage-first heap   total 225280K, used 112055K [0x0000000080000000, 0x0000000100000000)
  region size 1024K, 6 young (6144K), 6 survivors (6144K)
 Metaspace       used 121559K, capacity 125677K, committed 126032K, reserved 1157120K
  class space    used 15864K, capacity 17490K, committed 17612K, reserved 1048576K
}

Deoptimization events (20 events):
Event: 702.390 Thread 0x000001cec2c91800 Uncommon trap: trap_request=0xffffff4d fr.pc=0x000001ceacbb4930 relative=0x0000000000000090
Event: 702.391 Thread 0x000001cec2c91800 Uncommon trap: reason=unstable_if action=reinterpret pc=0x000001ceacbb4930 method=org.apache.xerces.util.NamespaceSupport.pushContext()V @ 11 c2
Event: 702.391 Thread 0x000001cec2c91800 DEOPT PACKING pc=0x000001ceacbb4930 sp=0x0000008d38ff9120
Event: 702.392 Thread 0x000001cec2c91800 DEOPT UNPACKING pc=0x000001cea49fa1af sp=0x0000008d38ff90a8 mode 2
Event: 704.160 Thread 0x000001cec2c91800 Uncommon trap: trap_request=0xffffffbe fr.pc=0x000001ceac50f73c relative=0x0000000000000f5c
Event: 704.161 Thread 0x000001cec2c91800 Uncommon trap: reason=profile_predicate action=maybe_recompile pc=0x000001ceac50f73c method=com.google.common.base.Splitter$SplittingIterator.computeNext()Ljava/lang/String; @ 137 c2
Event: 704.161 Thread 0x000001cec2c91800 DEOPT PACKING pc=0x000001ceac50f73c sp=0x0000008d38ff9130
Event: 704.163 Thread 0x000001cec2c91800 DEOPT UNPACKING pc=0x000001cea49fa1af sp=0x0000008d38ff8fc8 mode 2
Event: 704.192 Thread 0x000001cec2c91800 Uncommon trap: trap_request=0xffffffbe fr.pc=0x000001ceac50f73c relative=0x0000000000000f5c
Event: 704.192 Thread 0x000001cec2c91800 Uncommon trap: reason=profile_predicate action=maybe_recompile pc=0x000001ceac50f73c method=com.google.common.base.Splitter$SplittingIterator.computeNext()Ljava/lang/String; @ 137 c2
Event: 704.192 Thread 0x000001cec2c91800 DEOPT PACKING pc=0x000001ceac50f73c sp=0x0000008d38ff9130
Event: 704.192 Thread 0x000001cec2c91800 DEOPT UNPACKING pc=0x000001cea49fa1af sp=0x0000008d38ff8fc8 mode 2
Event: 704.193 Thread 0x000001cec2c91800 Uncommon trap: trap_request=0xffffffbe fr.pc=0x000001ceac50f73c relative=0x0000000000000f5c
Event: 704.193 Thread 0x000001cec2c91800 Uncommon trap: reason=profile_predicate action=maybe_recompile pc=0x000001ceac50f73c method=com.google.common.base.Splitter$SplittingIterator.computeNext()Ljava/lang/String; @ 137 c2
Event: 704.193 Thread 0x000001cec2c91800 DEOPT PACKING pc=0x000001ceac50f73c sp=0x0000008d38ff9130
Event: 704.193 Thread 0x000001cec2c91800 DEOPT UNPACKING pc=0x000001cea49fa1af sp=0x0000008d38ff8fc8 mode 2
Event: 704.193 Thread 0x000001cec2c91800 Uncommon trap: trap_request=0xffffffbe fr.pc=0x000001ceac50f73c relative=0x0000000000000f5c
Event: 704.193 Thread 0x000001cec2c91800 Uncommon trap: reason=profile_predicate action=maybe_recompile pc=0x000001ceac50f73c method=com.google.common.base.Splitter$SplittingIterator.computeNext()Ljava/lang/String; @ 137 c2
Event: 704.193 Thread 0x000001cec2c91800 DEOPT PACKING pc=0x000001ceac50f73c sp=0x0000008d38ff9130
Event: 704.197 Thread 0x000001cec2c91800 DEOPT UNPACKING pc=0x000001cea49fa1af sp=0x0000008d38ff8fc8 mode 2

Classes redefined (0 events):
No events

Internal exceptions (20 events):
Event: 36.644 Thread 0x000001cec51a7800 Exception <a 'java/lang/NoSuchMethodError'{0x000000008a3dd720}: 'java.lang.Object java.lang.invoke.DirectMethodHandle$Holder.invokeSpecial(java.lang.Object, java.lang.Object, java.lang.Object, java.lang.Object, java.lang.Object, java.lang.Object, java.lang.Object, java.lang.Object, int)'> (0x000000008a3dd720) thrown at [src/hotspot/share/interpreter/linkResolver.cpp, line 773]
Event: 36.644 Thread 0x000001cec51a7800 Exception <a 'java/lang/NoSuchMethodError'{0x000000008a3e16a8}: 'java.lang.Object java.lang.invoke.Invokers$Holder.linkToTargetMethod(java.lang.Object, java.lang.Object, java.lang.Object, java.lang.Object, java.lang.Object, java.lang.Object, int, java.lang.Object)'> (0x000000008a3e16a8) thrown at [src/hotspot/share/interpreter/linkResolver.cpp, line 773]
Event: 36.688 Thread 0x000001cec51a7800 Exception <a 'sun/nio/fs/WindowsException'{0x0000000089d54af0}> (0x0000000089d54af0) thrown at [src/hotspot/share/prims/jni.cpp, line 617]
Event: 36.688 Thread 0x000001cec51a7800 Exception <a 'sun/nio/fs/WindowsException'{0x0000000089d54be0}> (0x0000000089d54be0) thrown at [src/hotspot/share/prims/jni.cpp, line 617]
Event: 36.946 Thread 0x000001cec51a7800 Exception <a 'java/lang/NoSuchMethodError'{0x000000008d897150}: 'java.lang.Object java.lang.invoke.DirectMethodHandle$Holder.invokeVirtual(java.lang.Object, java.lang.Object, int)'> (0x000000008d897150) thrown at [src/hotspot/share/interpreter/linkResolver.cpp, line 773]
Event: 37.045 Thread 0x000001cebd702800 Exception <a 'sun/nio/fs/WindowsException'{0x000000008d6ae498}> (0x000000008d6ae498) thrown at [src/hotspot/share/prims/jni.cpp, line 617]
Event: 37.045 Thread 0x000001cebd702800 Exception <a 'sun/nio/fs/WindowsException'{0x000000008d6ae520}> (0x000000008d6ae520) thrown at [src/hotspot/share/prims/jni.cpp, line 617]
Event: 37.047 Thread 0x000001cebd702800 Exception <a 'sun/nio/fs/WindowsException'{0x000000008d6bf7d8}> (0x000000008d6bf7d8) thrown at [src/hotspot/share/prims/jni.cpp, line 617]
Event: 44.217 Thread 0x000001cebded8000 Implicit null exception at 0x000001ceac4b61f7 to 0x000001ceac4b6704
Event: 676.102 Thread 0x000001cec51a7800 Implicit null exception at 0x000001ceacf7084b to 0x000001ceacf7683c
Event: 677.930 Thread 0x000001cec2c89800 Implicit null exception at 0x000001ceac60b59b to 0x000001ceac60bec0
Event: 677.945 Thread 0x000001cebe465800 Implicit null exception at 0x000001ceacc1cd8b to 0x000001ceacc1cf00
Event: 679.367 Thread 0x000001cec51a7800 Exception <a 'sun/nio/fs/WindowsException'{0x000000008ac06258}> (0x000000008ac06258) thrown at [src/hotspot/share/prims/jni.cpp, line 617]
Event: 680.590 Thread 0x000001cec51a7800 Exception <a 'java/lang/NoClassDefFoundError'{0x000000008a9d7978}: org/jetbrains/kotlin/gradle/plugin/KotlinBasePluginWrapper> (0x000000008a9d7978) thrown at [src/hotspot/share/oops/constantPool.cpp, line 775]
Event: 680.975 Thread 0x000001cec51a7800 Exception <a 'sun/nio/fs/WindowsException'{0x000000008a734678}> (0x000000008a734678) thrown at [src/hotspot/share/prims/jni.cpp, line 617]
Event: 681.151 Thread 0x000001cec51a7800 Exception <a 'sun/nio/fs/WindowsException'{0x000000008a7d9f68}> (0x000000008a7d9f68) thrown at [src/hotspot/share/prims/jni.cpp, line 617]
Event: 681.151 Thread 0x000001cec51a7800 Exception <a 'sun/nio/fs/WindowsException'{0x000000008a7db2e0}> (0x000000008a7db2e0) thrown at [src/hotspot/share/prims/jni.cpp, line 617]
Event: 681.152 Thread 0x000001cec51a7800 Exception <a 'sun/nio/fs/WindowsException'{0x000000008a7dc928}> (0x000000008a7dc928) thrown at [src/hotspot/share/prims/jni.cpp, line 617]
Event: 681.152 Thread 0x000001cec51a7800 Exception <a 'sun/nio/fs/WindowsException'{0x000000008a7ddcf0}> (0x000000008a7ddcf0) thrown at [src/hotspot/share/prims/jni.cpp, line 617]
Event: 682.026 Thread 0x000001cec51a7800 Implicit null exception at 0x000001ceacf79652 to 0x000001ceacf79cc8

Events (20 events):
Event: 683.821 Executing VM operation: RevokeBias
Event: 683.822 Executing VM operation: RevokeBias done
Event: 683.934 Executing VM operation: RevokeBias
Event: 683.938 Executing VM operation: RevokeBias done
Event: 683.980 Executing VM operation: RevokeBias
Event: 683.981 Executing VM operation: RevokeBias done
Event: 684.039 Executing VM operation: RevokeBias
Event: 684.048 Executing VM operation: RevokeBias done
Event: 684.062 Executing VM operation: RevokeBias
Event: 684.064 Executing VM operation: RevokeBias done
Event: 684.446 Executing VM operation: RevokeBias
Event: 684.462 Executing VM operation: RevokeBias done
Event: 685.299 Executing VM operation: RevokeBias
Event: 685.327 Executing VM operation: RevokeBias done
Event: 685.941 Executing VM operation: RevokeBias
Event: 685.967 Executing VM operation: RevokeBias done
Event: 685.993 Executing VM operation: RevokeBias
Event: 685.996 Executing VM operation: RevokeBias done
Event: 696.406 Executing VM operation: RevokeBias
Event: 696.410 Executing VM operation: RevokeBias done


Dynamic libraries:
0x00007ff79c500000 - 0x00007ff79c50a000 	C:\Program Files\Android\Android Studio\jbr\bin\java.exe
0x00007ffed8780000 - 0x00007ffed8989000 	C:\WINDOWS\SYSTEM32\ntdll.dll
0x00007ffed6ae0000 - 0x00007ffed6b9e000 	C:\WINDOWS\System32\KERNEL32.DLL
0x00007ffed60c0000 - 0x00007ffed643c000 	C:\WINDOWS\System32\KERNELBASE.dll
0x00007ffed6470000 - 0x00007ffed6581000 	C:\WINDOWS\System32\ucrtbase.dll
0x00007ffec3630000 - 0x00007ffec3647000 	C:\Program Files\Android\Android Studio\jbr\bin\jli.dll
0x00007ffed66f0000 - 0x00007ffed689d000 	C:\WINDOWS\System32\USER32.dll
0x00007ffed6440000 - 0x00007ffed6466000 	C:\WINDOWS\System32\win32u.dll
0x00007ffed6f00000 - 0x00007ffed6f29000 	C:\WINDOWS\System32\GDI32.dll
0x00007ffed5c50000 - 0x00007ffed5d68000 	C:\WINDOWS\System32\gdi32full.dll
0x00007ffed5fa0000 - 0x00007ffed603d000 	C:\WINDOWS\System32\msvcp_win.dll
0x00007ffec3310000 - 0x00007ffec332b000 	C:\Program Files\Android\Android Studio\jbr\bin\VCRUNTIME140.dll
0x00007ffeb3440000 - 0x00007ffeb36e5000 	C:\WINDOWS\WinSxS\amd64_microsoft.windows.common-controls_6595b64144ccf1df_6.0.22000.120_none_9d947278b86cc467\COMCTL32.dll
0x00007ffed7d10000 - 0x00007ffed7db3000 	C:\WINDOWS\System32\msvcrt.dll
0x00007ffed7bb0000 - 0x00007ffed7be1000 	C:\WINDOWS\System32\IMM32.DLL
0x00007ffec3280000 - 0x00007ffec330d000 	C:\Program Files\Android\Android Studio\jbr\bin\msvcp140.dll
0x00007ffeb5160000 - 0x00007ffeb516c000 	C:\WINDOWS\SYSTEM32\VCRUNTIME140_1.dll
0x00007ffe5d1c0000 - 0x00007ffe5dd7c000 	C:\Program Files\Android\Android Studio\jbr\bin\server\jvm.dll
0x00007ffed6940000 - 0x00007ffed69ee000 	C:\WINDOWS\System32\ADVAPI32.dll
0x00007ffed68a0000 - 0x00007ffed693e000 	C:\WINDOWS\System32\sechost.dll
0x00007ffed8140000 - 0x00007ffed8260000 	C:\WINDOWS\System32\RPCRT4.dll
0x00007ffed79c0000 - 0x00007ffed79c8000 	C:\WINDOWS\System32\PSAPI.DLL
0x00007ffeb6fb0000 - 0x00007ffeb6fb9000 	C:\WINDOWS\SYSTEM32\WSOCK32.dll
0x00007ffed7bf0000 - 0x00007ffed7c5f000 	C:\WINDOWS\System32\WS2_32.dll
0x00007ffecf4a0000 - 0x00007ffecf4d3000 	C:\WINDOWS\SYSTEM32\WINMM.dll
0x00007ffecbfb0000 - 0x00007ffecbfba000 	C:\WINDOWS\SYSTEM32\VERSION.dll
0x00007ffed4da0000 - 0x00007ffed4db8000 	C:\WINDOWS\SYSTEM32\kernel.appcore.dll
0x00007ffed2030000 - 0x00007ffed2040000 	C:\Program Files\Android\Android Studio\jbr\bin\verify.dll
0x00007ffed31c0000 - 0x00007ffed33e1000 	C:\WINDOWS\SYSTEM32\DBGHELP.DLL
0x00007ffec7550000 - 0x00007ffec7581000 	C:\WINDOWS\SYSTEM32\dbgcore.DLL
0x00007ffed6040000 - 0x00007ffed60bf000 	C:\WINDOWS\System32\bcryptPrimitives.dll
0x00007ffecfdf0000 - 0x00007ffecfe18000 	C:\Program Files\Android\Android Studio\jbr\bin\java.dll
0x00007ffed1170000 - 0x00007ffed117a000 	C:\Program Files\Android\Android Studio\jbr\bin\jimage.dll
0x00007ffed0120000 - 0x00007ffed0138000 	C:\Program Files\Android\Android Studio\jbr\bin\zip.dll
0x00007ffed6f30000 - 0x00007ffed76f5000 	C:\WINDOWS\System32\SHELL32.dll
0x00007ffed3d10000 - 0x00007ffed4575000 	C:\WINDOWS\SYSTEM32\windows.storage.dll
0x00007ffed7dc0000 - 0x00007ffed8136000 	C:\WINDOWS\System32\combase.dll
0x00007ffed3ba0000 - 0x00007ffed3d06000 	C:\WINDOWS\SYSTEM32\wintypes.dll
0x00007ffed69f0000 - 0x00007ffed6ada000 	C:\WINDOWS\System32\SHCORE.dll
0x00007ffed7700000 - 0x00007ffed775d000 	C:\WINDOWS\System32\shlwapi.dll
0x00007ffed5b80000 - 0x00007ffed5ba1000 	C:\WINDOWS\SYSTEM32\profapi.dll
0x00007ffecf740000 - 0x00007ffecf759000 	C:\Program Files\Android\Android Studio\jbr\bin\net.dll
0x00007ffecf140000 - 0x00007ffecf252000 	C:\WINDOWS\SYSTEM32\WINHTTP.dll
0x00007ffed5260000 - 0x00007ffed52c7000 	C:\WINDOWS\system32\mswsock.dll
0x00007ffecf660000 - 0x00007ffecf673000 	C:\Program Files\Android\Android Studio\jbr\bin\nio.dll
0x00007ffec3330000 - 0x00007ffec3357000 	C:\Users\jacks\.gradle\native\e1d6ef7f7dcc3fd88c89a11ec53ec762bb8ba0a96d01ffa2cd45eb1d1d8dd5c5\windows-amd64\native-platform.dll
0x00007ffea2390000 - 0x00007ffea24d4000 	C:\Users\jacks\.gradle\native\0d407fdbe67a94daf76414ababcb853783967236a71b16ec16e742cd7a986fd3\windows-amd64\native-platform-file-events.dll
0x00007ffecf690000 - 0x00007ffecf69a000 	C:\Program Files\Android\Android Studio\jbr\bin\management.dll
0x00007ffecf650000 - 0x00007ffecf65b000 	C:\Program Files\Android\Android Studio\jbr\bin\management_ext.dll
0x00007ffed54a0000 - 0x00007ffed54b8000 	C:\WINDOWS\SYSTEM32\CRYPTSP.dll
0x00007ffed4cf0000 - 0x00007ffed4d25000 	C:\WINDOWS\system32\rsaenh.dll
0x00007ffed5350000 - 0x00007ffed5379000 	C:\WINDOWS\SYSTEM32\USERENV.dll
0x00007ffed5630000 - 0x00007ffed5657000 	C:\WINDOWS\SYSTEM32\bcrypt.dll
0x00007ffed54c0000 - 0x00007ffed54cc000 	C:\WINDOWS\SYSTEM32\CRYPTBASE.dll
0x00007ffed4840000 - 0x00007ffed486d000 	C:\WINDOWS\SYSTEM32\IPHLPAPI.DLL
0x00007ffed79b0000 - 0x00007ffed79b9000 	C:\WINDOWS\System32\NSI.dll
0x00007ffecee10000 - 0x00007ffecee29000 	C:\WINDOWS\SYSTEM32\dhcpcsvc6.DLL
0x00007ffecef80000 - 0x00007ffecef9e000 	C:\WINDOWS\SYSTEM32\dhcpcsvc.DLL
0x00007ffed4870000 - 0x00007ffed4958000 	C:\WINDOWS\SYSTEM32\DNSAPI.dll
0x00007ffecd0e0000 - 0x00007ffecd107000 	C:\Program Files\Android\Android Studio\jbr\bin\sunec.dll
0x00007ffec42b0000 - 0x00007ffec42ba000 	C:\Windows\System32\rasadhlp.dll
0x00007ffeccf80000 - 0x00007ffecd001000 	C:\WINDOWS\System32\fwpuclnt.dll
0x00007ffed4dc0000 - 0x00007ffed4df4000 	C:\WINDOWS\SYSTEM32\ntmarta.dll

dbghelp: loaded successfully - version: 4.0.5 - missing functions: none
symbol engine: initialized successfully - sym options: 0x614 - pdb path: .;C:\Program Files\Android\Android Studio\jbr\bin;C:\WINDOWS\SYSTEM32;C:\WINDOWS\WinSxS\amd64_microsoft.windows.common-controls_6595b64144ccf1df_6.0.22000.120_none_9d947278b86cc467;C:\Program Files\Android\Android Studio\jbr\bin\server;C:\Users\jacks\.gradle\native\e1d6ef7f7dcc3fd88c89a11ec53ec762bb8ba0a96d01ffa2cd45eb1d1d8dd5c5\windows-amd64;C:\Users\jacks\.gradle\native\0d407fdbe67a94daf76414ababcb853783967236a71b16ec16e742cd7a986fd3\windows-amd64

VM Arguments:
jvm_args: --add-opens=java.base/java.util=ALL-UNNAMED --add-opens=java.base/java.lang=ALL-UNNAMED --add-opens=java.base/java.lang.invoke=ALL-UNNAMED --add-opens=java.base/java.util=ALL-UNNAMED --add-opens=java.prefs/java.util.prefs=ALL-UNNAMED --add-opens=java.prefs/java.util.prefs=ALL-UNNAMED --add-opens=java.base/java.nio.charset=ALL-UNNAMED --add-opens=java.base/java.net=ALL-UNNAMED --add-opens=java.base/java.util.concurrent.atomic=ALL-UNNAMED -Xmx2048m -Dfile.encoding=UTF-8 -Duser.country=GB -Duser.language=en -Duser.variant 
java_command: org.gradle.launcher.daemon.bootstrap.GradleDaemon 7.5
java_class_path (initial): C:\Users\jacks\.gradle\wrapper\dists\gradle-7.5-bin\f1w0cc9nuo0eivz97x2xlu9sv\gradle-7.5\lib\gradle-launcher-7.5.jar
Launcher Type: SUN_STANDARD

[Global flags]
     intx CICompilerCount                          = 4                                         {product} {ergonomic}
     uint ConcGCThreads                            = 2                                         {product} {ergonomic}
     uint G1ConcRefinementThreads                  = 8                                         {product} {ergonomic}
   size_t G1HeapRegionSize                         = 1048576                                   {product} {ergonomic}
    uintx GCDrainStackTargetSize                   = 64                                        {product} {ergonomic}
   size_t InitialHeapSize                          = 132120576                                 {product} {ergonomic}
   size_t MarkStackSize                            = 4194304                                   {product} {ergonomic}
   size_t MaxHeapSize                              = 2147483648                                {product} {command line}
   size_t MaxNewSize                               = 1287651328                                {product} {ergonomic}
   size_t MinHeapDeltaBytes                        = 1048576                                   {product} {ergonomic}
    uintx NonNMethodCodeHeapSize                   = 5836300                                {pd product} {ergonomic}
    uintx NonProfiledCodeHeapSize                  = 122910970                              {pd product} {ergonomic}
    uintx ProfiledCodeHeapSize                     = 122910970                              {pd product} {ergonomic}
    uintx ReservedCodeCacheSize                    = 251658240                              {pd product} {ergonomic}
     bool SegmentedCodeCache                       = true                                      {product} {ergonomic}
     bool UseCompressedClassPointers               = true                                 {lp64_product} {ergonomic}
     bool UseCompressedOops                        = true                                 {lp64_product} {ergonomic}
     bool UseG1GC                                  = true                                      {product} {ergonomic}
     bool UseLargePagesIndividualAllocation        = false                                  {pd product} {ergonomic}

Logging:
Log output configuration:
 #0: stdout all=warning uptime,level,tags
 #1: stderr all=off uptime,level,tags

Environment Variables:
PATH=C:\Program Files (x86)\Common Files\Oracle\Java\javapath;C:\Windows\system32;C:\Windows;C:\Windows\System32\Wbem;C:\Windows\System32\WindowsPowerShell\v1.0\;C:\Windows\System32\OpenSSH\;C:\Program Files\NVIDIA Corporation\NVIDIA NvDLISR;C:\WINDOWS\system32;C:\WINDOWS;C:\WINDOWS\System32\Wbem;C:\WINDOWS\System32\WindowsPowerShell\v1.0\;C:\WINDOWS\System32\OpenSSH\;C:\Program Files (x86)\NVIDIA Corporation\PhysX\Common;C:\WINDOWS\system32;C:\WINDOWS;C:\WINDOWS\System32\Wbem;C:\WINDOWS\System32\WindowsPowerShell\v1.0\;C:\WINDOWS\System32\OpenSSH\;C:\Program Files\Microsoft SQL Server\130\Tools\Binn\;C:\Program Files\MySQL\MySQL Shell 8.0\bin\;C:\Users\jacks\AppData\Local\Microsoft\WindowsApps;C:\Users\jacks\AppData\Local\Programs\Microsoft VS Code\bin
USERNAME=jacks
OS=Windows_NT
PROCESSOR_IDENTIFIER=Intel64 Family 6 Model 165 Stepping 2, GenuineIntel



---------------  S Y S T E M  ---------------

OS: Windows 11 , 64 bit Build 22000 (10.0.22000.1516)
OS uptime: 0 days 0:43 hours
Hyper-V role detected

CPU:total 8 (initial active 8) (4 cores per cpu, 2 threads per core) family 6 model 165 stepping 2 microcode 0xea, cmov, cx8, fxsr, mmx, sse, sse2, sse3, ssse3, sse4.1, sse4.2, popcnt, avx, avx2, aes, clmul, erms, 3dnowpref, lzcnt, ht, tsc, tscinvbit, bmi1, bmi2, adx, fma

Memory: 4k page, system-wide physical 8059M (7M free)
TotalPageFile size 32635M (AvailPageFile size 5M)
current process WorkingSet (physical memory assigned to process): 23M, peak: 522M
current process commit charge ("private bytes"): 593M, peak: 607M

vm_info: OpenJDK 64-Bit Server VM (11.0.15+0-b2043.56-8887301) for windows-amd64 JRE (11.0.15+0-b2043.56-8887301), built on Jul 29 2022 23:19:47 by "builduser" with unknown MS VC++:1929

END.
